<?xml version="1.0" encoding="UTF-8"?>
<!-- Generated by org.testng.reporters.JUnitXMLReporter -->
<testsuite hostname="IT3ANCVR" ignored="2" name="AuthRevamp_ENGLISH_ANDROID" tests="1" failures="0" timestamp="11 Nov 2020 14:33:23 GMT" time="55.692" errors="0">
  <testcase name="runScenario" time="32.315" classname="io.cucumber.testng.AbstractTestNGCucumberTests"/>
  <testcase name="@BeforeTest appInit" time="0.0" classname="utilities.TestBase">
    <ignored/>
  </testcase> <!-- @BeforeTest appInit -->
  <testcase name="@AfterTest clearDriver" time="0.0" classname="utilities.TestBase">
    <ignored/>
  </testcase> <!-- @AfterTest clearDriver -->
</testsuite> <!-- AuthRevamp_ENGLISH_ANDROID -->
