<?xml version="1.0" encoding="UTF-8"?>
<!-- Generated by org.testng.reporters.JUnitXMLReporter -->
<testsuite hostname="IT3ANCVR" ignored="2" name="HomeAuthRevampEnglish" tests="2" failures="0" timestamp="14 Oct 2020 10:47:24 GMT" time="45.723" errors="0">
  <testcase name="runScenario" time="17.273" classname="io.cucumber.testng.AbstractTestNGCucumberTests"/>
  <testcase name="runScenario" time="10.855" classname="io.cucumber.testng.AbstractTestNGCucumberTests"/>
  <testcase name="@BeforeTest appInit" time="0.0" classname="utilities.TestBase">
    <ignored/>
  </testcase> <!-- @BeforeTest appInit -->
  <testcase name="@AfterTest clearDriver" time="0.0" classname="utilities.TestBase">
    <ignored/>
  </testcase> <!-- @AfterTest clearDriver -->
</testsuite> <!-- HomeAuthRevampEnglish -->
