<?xml version="1.0" encoding="UTF-8"?>
<!-- Generated by org.testng.reporters.JUnitXMLReporter -->
<testsuite hostname="IT3ANCVR" ignored="2" name="HomeAuthRevampLogin_ARABIC_IOS" tests="1" failures="0" timestamp="11 Nov 2020 14:15:50 GMT" time="0.163" errors="0">
  <testcase name="@BeforeTest appInit" time="0.043" classname="utilities.TestBase">
    <failure type="org.openqa.selenium.SessionNotCreatedException" message="Unable to create a new remote session. Please check the server log for more details. Original error: &amp;apos;wdaLocalPort&amp;apos; must be of type number; &amp;apos;webkitDebugProxyPort&amp;apos; must be of type number
Build info: version: &amp;apos;3.141.59&amp;apos;, revision: &amp;apos;e82be7d358&amp;apos;, time: &amp;apos;2018-11-14T08:17:03&amp;apos;
System info: host: &amp;apos;IT3ANCVR&amp;apos;, ip: &amp;apos;10.227.116.129&amp;apos;, os.name: &amp;apos;Windows 10&amp;apos;, os.arch: &amp;apos;amd64&amp;apos;, os.version: &amp;apos;10.0&amp;apos;, java.version: &amp;apos;1.8.0_161&amp;apos;
Driver info: driver.version: IOSDriver
remote stacktrace: InvalidArgumentError: &amp;apos;wdaLocalPort&amp;apos; must be of type number; &amp;apos;webkitDebugProxyPort&amp;apos; must be of type number
    at validateCaps (C:\Users\V19MOsman\AppData\Local\appium-desktop\app-1.6.2\resources\app\node_modules\appium\node_modules\appium-base-driver\lib\basedriver\capabilities.js:52:11)
    at parseCaps (C:\Users\V19MOsman\AppData\Local\appium-desktop\app-1.6.2\resources\app\node_modules\appium\node_modules\appium-base-driver\lib\basedriver\capabilities.js:154:20)
    at processCapabilities (C:\Users\V19MOsman\AppData\Local\appium-desktop\app-1.6.2\resources\app\node_modules\appium\node_modules\appium-base-driver\lib\basedriver\capabilities.js:197:43)
    at XCUITestDriver.callee$0$0$ (C:\Users\V19MOsman\AppData\Local\appium-desktop\app-1.6.2\resources\app\node_modules\appium\node_modules\appium-base-driver\lib\basedriver\commands\session.js:36:14)
    at tryCatch (C:\Users\V19MOsman\AppData\Local\appium-desktop\app-1.6.2\resources\app\node_modules\appium\node_modules\babel-runtime\regenerator\runtime.js:67:40)
    at GeneratorFunctionPrototype.invoke [as _invoke] (C:\Users\V19MOsman\AppData\Local\appium-desktop\app-1.6.2\resources\app\node_modules\appium\node_modules\babel-runtime\regenerator\runtime.js:315:22)
    at GeneratorFunctionPrototype.prototype.(anonymous function) [as next] (C:\Users\V19MOsman\AppData\Local\appium-desktop\app-1.6.2\resources\app\node_modules\appium\node_modules\babel-runtime\regenerator\runtime.js:100:21)
    at invoke (C:\Users\V19MOsman\AppData\Local\appium-desktop\app-1.6.2\resources\app\node_modules\appium\node_modules\babel-runtime\regenerator\runtime.js:136:37)
    at enqueueResult (C:\Users\V19MOsman\AppData\Local\appium-desktop\app-1.6.2\resources\app\node_modules\appium\node_modules\babel-runtime\regenerator\runtime.js:185:17)
    at new Promise (&amp;lt;anonymous&amp;gt;)
    at new F (C:\Users\V19MOsman\AppData\Local\appium-desktop\app-1.6.2\resources\app\node_modules\appium\node_modules\core-js\library\modules\$.export.js:30:36)
    at AsyncIterator.enqueue (C:\Users\V19MOsman\AppData\Local\appium-desktop\app-1.6.2\resources\app\node_modules\appium\node_modules\babel-runtime\regenerator\runtime.js:184:12)
    at AsyncIterator.prototype.(anonymous function) [as next] (C:\Users\V19MOsman\AppData\Local\appium-desktop\app-1.6.2\resources\app\node_modules\appium\node_modules\babel-runtime\regenerator\runtime.js:100:21)
    at Object.runtime.async (C:\Users\V19MOsman\AppData\Local\appium-desktop\app-1.6.2\resources\app\node_modules\appium\node_modules\babel-runtime\regenerator\runtime.js:209:12)
    at XCUITestDriver.callee$0$0 [as createSession] (C:\Users\V19MOsman\AppData\Local\appium-desktop\app-1.6.2\resources\app\node_modules\appium\node_modules\appium-base-driver\build\lib\basedriver\commands\session.js:35:30)
    at XCUITestDriver.createSession$ (C:\Users\V19MOsman\AppData\Local\appium-desktop\app-1.6.2\resources\app\node_modules\appium\node_modules\appium-xcuitest-driver\lib\driver.js:101:21)
    at tryCatch (C:\Users\V19MOsman\AppData\Local\appium-desktop\app-1.6.2\resources\app\node_modules\appium\node_modules\babel-runtime\regenerator\runtime.js:67:40)
    at GeneratorFunctionPrototype.invoke [as _invoke] (C:\Users\V19MOsman\AppData\Local\appium-desktop\app-1.6.2\resources\app\node_modules\appium\node_modules\babel-runtime\regenerator\runtime.js:315:22)
    at GeneratorFunctionPrototype.prototype.(anonymous function) [as next] (C:\Users\V19MOsman\AppData\Local\appium-desktop\app-1.6.2\resources\app\node_modules\appium\node_modules\babel-runtime\regenerator\runtime.js:100:21)
    at invoke (C:\Users\V19MOsman\AppData\Local\appium-desktop\app-1.6.2\resources\app\node_modules\appium\node_modules\babel-runtime\regenerator\runtime.js:136:37)
    at enqueueResult (C:\Users\V19MOsman\AppData\Local\appium-desktop\app-1.6.2\resources\app\node_modules\appium\node_modules\babel-runtime\regenerator\runtime.js:185:17)
    at new Promise (&amp;lt;anonymous&amp;gt;)
    at new F (C:\Users\V19MOsman\AppData\Local\appium-desktop\app-1.6.2\resources\app\node_modules\appium\node_modules\core-js\library\modules\$.export.js:30:36)
    at AsyncIterator.enqueue (C:\Users\V19MOsman\AppData\Local\appium-desktop\app-1.6.2\resources\app\node_modules\appium\node_modules\babel-runtime\regenerator\runtime.js:184:12)
    at AsyncIterator.prototype.(anonymous function) [as next] (C:\Users\V19MOsman\AppData\Local\appium-desktop\app-1.6.2\resources\app\node_modules\appium\node_modules\babel-runtime\regenerator\runtime.js:100:21)
    at Object.runtime.async (C:\Users\V19MOsman\AppData\Local\appium-desktop\app-1.6.2\resources\app\node_modules\appium\node_modules\babel-runtime\regenerator\runtime.js:209:12)
    at XCUITestDriver.createSession (C:\Users\V19MOsman\AppData\Local\appium-desktop\app-1.6.2\resources\app\node_modules\appium\node_modules\appium-xcuitest-driver\build\lib\driver.js:220:34)
    at AppiumDriver.callee$2$0$ (C:\Users\V19MOsman\AppData\Local\appium-desktop\app-1.6.2\resources\app\node_modules\appium\lib\appium.js:244:43)
    at tryCatch (C:\Users\V19MOsman\AppData\Local\appium-desktop\app-1.6.2\resources\app\node_modules\appium\node_modules\babel-runtime\regenerator\runtime.js:67:40)
    at GeneratorFunctionPrototype.invoke [as _invoke] (C:\Users\V19MOsman\AppData\Local\appium-desktop\app-1.6.2\resources\app\node_modules\appium\node_modules\babel-runtime\regenerator\runtime.js:315:22)
    at GeneratorFunctionPrototype.prototype.(anonymous function) [as next] (C:\Users\V19MOsman\AppData\Local\appium-desktop\app-1.6.2\resources\app\node_modules\appium\node_modules\babel-runtime\regenerator\runtime.js:100:21)
    at GeneratorFunctionPrototype.invoke (C:\Users\V19MOsman\AppData\Local\appium-desktop\app-1.6.2\resources\app\node_modules\appium\node_modules\babel-runtime\regenerator\runtime.js:136:37)
    at &amp;lt;anonymous&amp;gt;
    at process._tickCallback (internal/process/next_tick.js:188:7)
Build info: version: &amp;apos;3.141.59&amp;apos;, revision: &amp;apos;e82be7d358&amp;apos;, time: &amp;apos;2018-11-14T08:17:03&amp;apos;
System info: host: &amp;apos;IT3ANCVR&amp;apos;, ip: &amp;apos;10.227.116.129&amp;apos;, os.name: &amp;apos;Windows 10&amp;apos;, os.arch: &amp;apos;amd64&amp;apos;, os.version: &amp;apos;10.0&amp;apos;, java.version: &amp;apos;1.8.0_161&amp;apos;
Driver info: driver.version: IOSDriver">
      <![CDATA[org.openqa.selenium.SessionNotCreatedException: Unable to create a new remote session. Please check the server log for more details. Original error: 'wdaLocalPort' must be of type number; 'webkitDebugProxyPort' must be of type number
Build info: version: '3.141.59', revision: 'e82be7d358', time: '2018-11-14T08:17:03'
System info: host: 'IT3ANCVR', ip: '10.227.116.129', os.name: 'Windows 10', os.arch: 'amd64', os.version: '10.0', java.version: '1.8.0_161'
Driver info: driver.version: IOSDriver
remote stacktrace: InvalidArgumentError: 'wdaLocalPort' must be of type number; 'webkitDebugProxyPort' must be of type number
    at validateCaps (C:\Users\V19MOsman\AppData\Local\appium-desktop\app-1.6.2\resources\app\node_modules\appium\node_modules\appium-base-driver\lib\basedriver\capabilities.js:52:11)
    at parseCaps (C:\Users\V19MOsman\AppData\Local\appium-desktop\app-1.6.2\resources\app\node_modules\appium\node_modules\appium-base-driver\lib\basedriver\capabilities.js:154:20)
    at processCapabilities (C:\Users\V19MOsman\AppData\Local\appium-desktop\app-1.6.2\resources\app\node_modules\appium\node_modules\appium-base-driver\lib\basedriver\capabilities.js:197:43)
    at XCUITestDriver.callee$0$0$ (C:\Users\V19MOsman\AppData\Local\appium-desktop\app-1.6.2\resources\app\node_modules\appium\node_modules\appium-base-driver\lib\basedriver\commands\session.js:36:14)
    at tryCatch (C:\Users\V19MOsman\AppData\Local\appium-desktop\app-1.6.2\resources\app\node_modules\appium\node_modules\babel-runtime\regenerator\runtime.js:67:40)
    at GeneratorFunctionPrototype.invoke [as _invoke] (C:\Users\V19MOsman\AppData\Local\appium-desktop\app-1.6.2\resources\app\node_modules\appium\node_modules\babel-runtime\regenerator\runtime.js:315:22)
    at GeneratorFunctionPrototype.prototype.(anonymous function) [as next] (C:\Users\V19MOsman\AppData\Local\appium-desktop\app-1.6.2\resources\app\node_modules\appium\node_modules\babel-runtime\regenerator\runtime.js:100:21)
    at invoke (C:\Users\V19MOsman\AppData\Local\appium-desktop\app-1.6.2\resources\app\node_modules\appium\node_modules\babel-runtime\regenerator\runtime.js:136:37)
    at enqueueResult (C:\Users\V19MOsman\AppData\Local\appium-desktop\app-1.6.2\resources\app\node_modules\appium\node_modules\babel-runtime\regenerator\runtime.js:185:17)
    at new Promise (<anonymous>)
    at new F (C:\Users\V19MOsman\AppData\Local\appium-desktop\app-1.6.2\resources\app\node_modules\appium\node_modules\core-js\library\modules\$.export.js:30:36)
    at AsyncIterator.enqueue (C:\Users\V19MOsman\AppData\Local\appium-desktop\app-1.6.2\resources\app\node_modules\appium\node_modules\babel-runtime\regenerator\runtime.js:184:12)
    at AsyncIterator.prototype.(anonymous function) [as next] (C:\Users\V19MOsman\AppData\Local\appium-desktop\app-1.6.2\resources\app\node_modules\appium\node_modules\babel-runtime\regenerator\runtime.js:100:21)
    at Object.runtime.async (C:\Users\V19MOsman\AppData\Local\appium-desktop\app-1.6.2\resources\app\node_modules\appium\node_modules\babel-runtime\regenerator\runtime.js:209:12)
    at XCUITestDriver.callee$0$0 [as createSession] (C:\Users\V19MOsman\AppData\Local\appium-desktop\app-1.6.2\resources\app\node_modules\appium\node_modules\appium-base-driver\build\lib\basedriver\commands\session.js:35:30)
    at XCUITestDriver.createSession$ (C:\Users\V19MOsman\AppData\Local\appium-desktop\app-1.6.2\resources\app\node_modules\appium\node_modules\appium-xcuitest-driver\lib\driver.js:101:21)
    at tryCatch (C:\Users\V19MOsman\AppData\Local\appium-desktop\app-1.6.2\resources\app\node_modules\appium\node_modules\babel-runtime\regenerator\runtime.js:67:40)
    at GeneratorFunctionPrototype.invoke [as _invoke] (C:\Users\V19MOsman\AppData\Local\appium-desktop\app-1.6.2\resources\app\node_modules\appium\node_modules\babel-runtime\regenerator\runtime.js:315:22)
    at GeneratorFunctionPrototype.prototype.(anonymous function) [as next] (C:\Users\V19MOsman\AppData\Local\appium-desktop\app-1.6.2\resources\app\node_modules\appium\node_modules\babel-runtime\regenerator\runtime.js:100:21)
    at invoke (C:\Users\V19MOsman\AppData\Local\appium-desktop\app-1.6.2\resources\app\node_modules\appium\node_modules\babel-runtime\regenerator\runtime.js:136:37)
    at enqueueResult (C:\Users\V19MOsman\AppData\Local\appium-desktop\app-1.6.2\resources\app\node_modules\appium\node_modules\babel-runtime\regenerator\runtime.js:185:17)
    at new Promise (<anonymous>)
    at new F (C:\Users\V19MOsman\AppData\Local\appium-desktop\app-1.6.2\resources\app\node_modules\appium\node_modules\core-js\library\modules\$.export.js:30:36)
    at AsyncIterator.enqueue (C:\Users\V19MOsman\AppData\Local\appium-desktop\app-1.6.2\resources\app\node_modules\appium\node_modules\babel-runtime\regenerator\runtime.js:184:12)
    at AsyncIterator.prototype.(anonymous function) [as next] (C:\Users\V19MOsman\AppData\Local\appium-desktop\app-1.6.2\resources\app\node_modules\appium\node_modules\babel-runtime\regenerator\runtime.js:100:21)
    at Object.runtime.async (C:\Users\V19MOsman\AppData\Local\appium-desktop\app-1.6.2\resources\app\node_modules\appium\node_modules\babel-runtime\regenerator\runtime.js:209:12)
    at XCUITestDriver.createSession (C:\Users\V19MOsman\AppData\Local\appium-desktop\app-1.6.2\resources\app\node_modules\appium\node_modules\appium-xcuitest-driver\build\lib\driver.js:220:34)
    at AppiumDriver.callee$2$0$ (C:\Users\V19MOsman\AppData\Local\appium-desktop\app-1.6.2\resources\app\node_modules\appium\lib\appium.js:244:43)
    at tryCatch (C:\Users\V19MOsman\AppData\Local\appium-desktop\app-1.6.2\resources\app\node_modules\appium\node_modules\babel-runtime\regenerator\runtime.js:67:40)
    at GeneratorFunctionPrototype.invoke [as _invoke] (C:\Users\V19MOsman\AppData\Local\appium-desktop\app-1.6.2\resources\app\node_modules\appium\node_modules\babel-runtime\regenerator\runtime.js:315:22)
    at GeneratorFunctionPrototype.prototype.(anonymous function) [as next] (C:\Users\V19MOsman\AppData\Local\appium-desktop\app-1.6.2\resources\app\node_modules\appium\node_modules\babel-runtime\regenerator\runtime.js:100:21)
    at GeneratorFunctionPrototype.invoke (C:\Users\V19MOsman\AppData\Local\appium-desktop\app-1.6.2\resources\app\node_modules\appium\node_modules\babel-runtime\regenerator\runtime.js:136:37)
    at <anonymous>
    at process._tickCallback (internal/process/next_tick.js:188:7)
Build info: version: '3.141.59', revision: 'e82be7d358', time: '2018-11-14T08:17:03'
System info: host: 'IT3ANCVR', ip: '10.227.116.129', os.name: 'Windows 10', os.arch: 'amd64', os.version: '10.0', java.version: '1.8.0_161'
Driver info: driver.version: IOSDriver
at io.appium.java_client.remote.AppiumCommandExecutor$1.createSession(AppiumCommandExecutor.java:208)
at io.appium.java_client.remote.AppiumCommandExecutor.createSession(AppiumCommandExecutor.java:217)
at io.appium.java_client.remote.AppiumCommandExecutor.execute(AppiumCommandExecutor.java:239)
at org.openqa.selenium.remote.RemoteWebDriver.execute(RemoteWebDriver.java:552)
at io.appium.java_client.DefaultGenericMobileDriver.execute(DefaultGenericMobileDriver.java:42)
at io.appium.java_client.AppiumDriver.execute(AppiumDriver.java:1)
at io.appium.java_client.ios.IOSDriver.execute(IOSDriver.java:1)
at org.openqa.selenium.remote.RemoteWebDriver.startSession(RemoteWebDriver.java:213)
at org.openqa.selenium.remote.RemoteWebDriver.<init>(RemoteWebDriver.java:131)
at io.appium.java_client.DefaultGenericMobileDriver.<init>(DefaultGenericMobileDriver.java:38)
at io.appium.java_client.AppiumDriver.<init>(AppiumDriver.java:84)
at io.appium.java_client.AppiumDriver.<init>(AppiumDriver.java:94)
at io.appium.java_client.ios.IOSDriver.<init>(IOSDriver.java:95)
at utilities.TestBase.appInit(TestBase.java:80)
at io.appium.java_client.remote.AppiumCommandExecutor$1.createSession(AppiumCommandExecutor.java:186)
... 37 more
Caused by: org.openqa.selenium.InvalidArgumentException: 'wdaLocalPort' must be of type number; 'webkitDebugProxyPort' must be of type number
Build info: version: '3.141.59', revision: 'e82be7d358', time: '2018-11-14T08:17:03'
System info: host: 'IT3ANCVR', ip: '10.227.116.129', os.name: 'Windows 10', os.arch: 'amd64', os.version: '10.0', java.version: '1.8.0_161'
Driver info: driver.version: IOSDriver
remote stacktrace: InvalidArgumentError: 'wdaLocalPort' must be of type number; 'webkitDebugProxyPort' must be of type number
    at validateCaps (C:\Users\V19MOsman\AppData\Local\appium-desktop\app-1.6.2\resources\app\node_modules\appium\node_modules\appium-base-driver\lib\basedriver\capabilities.js:52:11)
    at parseCaps (C:\Users\V19MOsman\AppData\Local\appium-desktop\app-1.6.2\resources\app\node_modules\appium\node_modules\appium-base-driver\lib\basedriver\capabilities.js:154:20)
    at processCapabilities (C:\Users\V19MOsman\AppData\Local\appium-desktop\app-1.6.2\resources\app\node_modules\appium\node_modules\appium-base-driver\lib\basedriver\capabilities.js:197:43)
    at XCUITestDriver.callee$0$0$ (C:\Users\V19MOsman\AppData\Local\appium-desktop\app-1.6.2\resources\app\node_modules\appium\node_modules\appium-base-driver\lib\basedriver\commands\session.js:36:14)
    at tryCatch (C:\Users\V19MOsman\AppData\Local\appium-desktop\app-1.6.2\resources\app\node_modules\appium\node_modules\babel-runtime\regenerator\runtime.js:67:40)
    at GeneratorFunctionPrototype.invoke [as _invoke] (C:\Users\V19MOsman\AppData\Local\appium-desktop\app-1.6.2\resources\app\node_modules\appium\node_modules\babel-runtime\regenerator\runtime.js:315:22)
    at GeneratorFunctionPrototype.prototype.(anonymous function) [as next] (C:\Users\V19MOsman\AppData\Local\appium-desktop\app-1.6.2\resources\app\node_modules\appium\node_modules\babel-runtime\regenerator\runtime.js:100:21)
    at invoke (C:\Users\V19MOsman\AppData\Local\appium-desktop\app-1.6.2\resources\app\node_modules\appium\node_modules\babel-runtime\regenerator\runtime.js:136:37)
    at enqueueResult (C:\Users\V19MOsman\AppData\Local\appium-desktop\app-1.6.2\resources\app\node_modules\appium\node_modules\babel-runtime\regenerator\runtime.js:185:17)
    at new Promise (<anonymous>)
    at new F (C:\Users\V19MOsman\AppData\Local\appium-desktop\app-1.6.2\resources\app\node_modules\appium\node_modules\core-js\library\modules\$.export.js:30:36)
    at AsyncIterator.enqueue (C:\Users\V19MOsman\AppData\Local\appium-desktop\app-1.6.2\resources\app\node_modules\appium\node_modules\babel-runtime\regenerator\runtime.js:184:12)
    at AsyncIterator.prototype.(anonymous function) [as next] (C:\Users\V19MOsman\AppData\Local\appium-desktop\app-1.6.2\resources\app\node_modules\appium\node_modules\babel-runtime\regenerator\runtime.js:100:21)
    at Object.runtime.async (C:\Users\V19MOsman\AppData\Local\appium-desktop\app-1.6.2\resources\app\node_modules\appium\node_modules\babel-runtime\regenerator\runtime.js:209:12)
    at XCUITestDriver.callee$0$0 [as createSession] (C:\Users\V19MOsman\AppData\Local\appium-desktop\app-1.6.2\resources\app\node_modules\appium\node_modules\appium-base-driver\build\lib\basedriver\commands\session.js:35:30)
    at XCUITestDriver.createSession$ (C:\Users\V19MOsman\AppData\Local\appium-desktop\app-1.6.2\resources\app\node_modules\appium\node_modules\appium-xcuitest-driver\lib\driver.js:101:21)
    at tryCatch (C:\Users\V19MOsman\AppData\Local\appium-desktop\app-1.6.2\resources\app\node_modules\appium\node_modules\babel-runtime\regenerator\runtime.js:67:40)
    at GeneratorFunctionPrototype.invoke [as _invoke] (C:\Users\V19MOsman\AppData\Local\appium-desktop\app-1.6.2\resources\app\node_modules\appium\node_modules\babel-runtime\regenerator\runtime.js:315:22)
    at GeneratorFunctionPrototype.prototype.(anonymous function) [as next] (C:\Users\V19MOsman\AppData\Local\appium-desktop\app-1.6.2\resources\app\node_modules\appium\node_modules\babel-runtime\regenerator\runtime.js:100:21)
    at invoke (C:\Users\V19MOsman\AppData\Local\appium-desktop\app-1.6.2\resources\app\node_modules\appium\node_modules\babel-runtime\regenerator\runtime.js:136:37)
    at enqueueResult (C:\Users\V19MOsman\AppData\Local\appium-desktop\app-1.6.2\resources\app\node_modules\appium\node_modules\babel-runtime\regenerator\runtime.js:185:17)
    at new Promise (<anonymous>)
    at new F (C:\Users\V19MOsman\AppData\Local\appium-desktop\app-1.6.2\resources\app\node_modules\appium\node_modules\core-js\library\modules\$.export.js:30:36)
    at AsyncIterator.enqueue (C:\Users\V19MOsman\AppData\Local\appium-desktop\app-1.6.2\resources\app\node_modules\appium\node_modules\babel-runtime\regenerator\runtime.js:184:12)
    at AsyncIterator.prototype.(anonymous function) [as next] (C:\Users\V19MOsman\AppData\Local\appium-desktop\app-1.6.2\resources\app\node_modules\appium\node_modules\babel-runtime\regenerator\runtime.js:100:21)
    at Object.runtime.async (C:\Users\V19MOsman\AppData\Local\appium-desktop\app-1.6.2\resources\app\node_modules\appium\node_modules\babel-runtime\regenerator\runtime.js:209:12)
    at XCUITestDriver.createSession (C:\Users\V19MOsman\AppData\Local\appium-desktop\app-1.6.2\resources\app\node_modules\appium\node_modules\appium-xcuitest-driver\build\lib\driver.js:220:34)
    at AppiumDriver.callee$2$0$ (C:\Users\V19MOsman\AppData\Local\appium-desktop\app-1.6.2\resources\app\node_modules\appium\lib\appium.js:244:43)
    at tryCatch (C:\Users\V19MOsman\AppData\Local\appium-desktop\app-1.6.2\resources\app\node_modules\appium\node_modules\babel-runtime\regenerator\runtime.js:67:40)
    at GeneratorFunctionPrototype.invoke [as _invoke] (C:\Users\V19MOsman\AppData\Local\appium-desktop\app-1.6.2\resources\app\node_modules\appium\node_modules\babel-runtime\regenerator\runtime.js:315:22)
    at GeneratorFunctionPrototype.prototype.(anonymous function) [as next] (C:\Users\V19MOsman\AppData\Local\appium-desktop\app-1.6.2\resources\app\node_modules\appium\node_modules\babel-runtime\regenerator\runtime.js:100:21)
    at GeneratorFunctionPrototype.invoke (C:\Users\V19MOsman\AppData\Local\appium-desktop\app-1.6.2\resources\app\node_modules\appium\node_modules\babel-runtime\regenerator\runtime.js:136:37)
    at <anonymous>
    at process._tickCallback (internal/process/next_tick.js:188:7)
at org.openqa.selenium.remote.W3CHandshakeResponse.lambda$errorHandler$0(W3CHandshakeResponse.java:62)
at org.openqa.selenium.remote.HandshakeResponse.lambda$getResponseFunction$0(HandshakeResponse.java:30)
at org.openqa.selenium.remote.ProtocolHandshake.lambda$createSession$0(ProtocolHandshake.java:126)
at java.util.stream.ReferencePipeline$3$1.accept(Unknown Source)
at java.util.Spliterators$ArraySpliterator.tryAdvance(Unknown Source)
at java.util.stream.ReferencePipeline.forEachWithCancel(Unknown Source)
at java.util.stream.AbstractPipeline.copyIntoWithCancel(Unknown Source)
at java.util.stream.AbstractPipeline.copyInto(Unknown Source)
at java.util.stream.AbstractPipeline.wrapAndCopyInto(Unknown Source)
at java.util.stream.FindOps$FindOp.evaluateSequential(Unknown Source)
at java.util.stream.AbstractPipeline.evaluate(Unknown Source)
at java.util.stream.ReferencePipeline.findFirst(Unknown Source)
at org.openqa.selenium.remote.ProtocolHandshake.createSession(ProtocolHandshake.java:128)
... 42 more
... Removed 33 stack frames]]>
    </failure>
  </testcase> <!-- @BeforeTest appInit -->
  <testcase name="@BeforeTest PageFactoryObject" time="0.0" classname="app.pages.PageObject">
    <skipped/>
  </testcase> <!-- @BeforeTest PageFactoryObject -->
  <testcase name="@BeforeTest startReport" time="0.0" classname="utilities.ExtentReport">
    <skipped/>
  </testcase> <!-- @BeforeTest startReport -->
  <testcase name="@AfterTest endReport" time="0.0" classname="utilities.ExtentReport">
    <skipped/>
  </testcase> <!-- @AfterTest endReport -->
  <testcase name="@AfterTest clearDriver" time="0.0" classname="utilities.TestBase">
    <skipped/>
  </testcase> <!-- @AfterTest clearDriver -->
  <testcase name="runScenario" time="0.0" classname="io.cucumber.testng.AbstractTestNGCucumberTests">
    <skipped/>
  </testcase> <!-- runScenario -->
  <testcase name="@BeforeTest appInit" time="0.0" classname="utilities.TestBase">
    <ignored/>
  </testcase> <!-- @BeforeTest appInit -->
  <testcase name="@AfterTest clearDriver" time="0.0" classname="utilities.TestBase">
    <ignored/>
  </testcase> <!-- @AfterTest clearDriver -->
</testsuite> <!-- HomeAuthRevampLogin_ARABIC_IOS -->
