<?xml version="1.0" encoding="UTF-8"?>
<!-- Generated by org.testng.reporters.JUnitXMLReporter -->
<testsuite hostname="IT3ANCVR" ignored="22" name="HomeAndLogin_ARABIC_ANDROID" tests="25" failures="15" timestamp="16 Dec 2020 10:56:07 GMT" time="417.811" errors="0">
  <testcase name="@AfterTest clearDriver" time="0.006" classname="utilities.TestBase">
    <failure type="org.openqa.selenium.NoSuchSessionException" message="A session is either terminated or not started
Build info: version: &amp;apos;3.141.59&amp;apos;, revision: &amp;apos;e82be7d358&amp;apos;, time: &amp;apos;2018-11-14T08:17:03&amp;apos;
System info: host: &amp;apos;IT3ANCVR&amp;apos;, ip: &amp;apos;10.144.242.125&amp;apos;, os.name: &amp;apos;Windows 10&amp;apos;, os.arch: &amp;apos;amd64&amp;apos;, os.version: &amp;apos;10.0&amp;apos;, java.version: &amp;apos;1.8.0_161&amp;apos;
Driver info: io.appium.java_client.android.AndroidDriver
Capabilities {appActivity: vodafone.vis.engezly.ui.scr..., appPackage: com.emeint.android.myservices, databaseEnabled: false, desired: {appActivity: vodafone.vis.engezly.ui.scr..., appPackage: com.emeint.android.myservices, deviceName: Google Emulator, fullReset: false, language: ar, locale: EG, noReset: false, platformName: android, systemPort: 10000}, deviceManufacturer: Google, deviceModel: Android SDK built for x86, deviceName: emulator-5554, deviceScreenSize: 1080x1920, deviceUDID: emulator-5554, fullReset: false, javascriptEnabled: true, language: ar, locale: EG, locationContextEnabled: false, networkConnectionEnabled: true, noReset: false, platform: LINUX, platformName: Android, platformVersion: 9, systemPort: 10000, takesScreenshot: true, warnings: {}, webStorageEnabled: false}
Session ID: 583587db-a21d-4aa6-b85f-280d2e014de2">
      <![CDATA[org.openqa.selenium.NoSuchSessionException: A session is either terminated or not started
Build info: version: '3.141.59', revision: 'e82be7d358', time: '2018-11-14T08:17:03'
System info: host: 'IT3ANCVR', ip: '10.144.242.125', os.name: 'Windows 10', os.arch: 'amd64', os.version: '10.0', java.version: '1.8.0_161'
Driver info: io.appium.java_client.android.AndroidDriver
Capabilities {appActivity: vodafone.vis.engezly.ui.scr..., appPackage: com.emeint.android.myservices, databaseEnabled: false, desired: {appActivity: vodafone.vis.engezly.ui.scr..., appPackage: com.emeint.android.myservices, deviceName: Google Emulator, fullReset: false, language: ar, locale: EG, noReset: false, platformName: android, systemPort: 10000}, deviceManufacturer: Google, deviceModel: Android SDK built for x86, deviceName: emulator-5554, deviceScreenSize: 1080x1920, deviceUDID: emulator-5554, fullReset: false, javascriptEnabled: true, language: ar, locale: EG, locationContextEnabled: false, networkConnectionEnabled: true, noReset: false, platform: LINUX, platformName: Android, platformVersion: 9, systemPort: 10000, takesScreenshot: true, warnings: {}, webStorageEnabled: false}
Session ID: 583587db-a21d-4aa6-b85f-280d2e014de2
at org.openqa.selenium.remote.http.W3CHttpResponseCodec.createException(W3CHttpResponseCodec.java:187)
at org.openqa.selenium.remote.http.W3CHttpResponseCodec.decode(W3CHttpResponseCodec.java:122)
at org.openqa.selenium.remote.http.W3CHttpResponseCodec.decode(W3CHttpResponseCodec.java:49)
at org.openqa.selenium.remote.HttpCommandExecutor.execute(HttpCommandExecutor.java:158)
at io.appium.java_client.remote.AppiumCommandExecutor.execute(AppiumCommandExecutor.java:239)
at org.openqa.selenium.remote.RemoteWebDriver.execute(RemoteWebDriver.java:552)
at io.appium.java_client.DefaultGenericMobileDriver.execute(DefaultGenericMobileDriver.java:46)
at io.appium.java_client.AppiumDriver.execute(AppiumDriver.java:1)
at io.appium.java_client.android.AndroidDriver.execute(AndroidDriver.java:1)
at org.openqa.selenium.remote.RemoteWebDriver.quit(RemoteWebDriver.java:452)
at utilities.TestBase.clearDriver(TestBase.java:92)
... Removed 27 stack frames]]>
    </failure>
  </testcase> <!-- @AfterTest clearDriver -->
  <testcase name="runScenario" time="36.608" classname="io.cucumber.testng.AbstractTestNGCucumberTests"/>
  <testcase name="runScenario" time="27.356" classname="io.cucumber.testng.AbstractTestNGCucumberTests"/>
  <testcase name="runScenario" time="34.848" classname="io.cucumber.testng.AbstractTestNGCucumberTests"/>
  <testcase name="runScenario" time="37.885" classname="io.cucumber.testng.AbstractTestNGCucumberTests"/>
  <testcase name="runScenario" time="38.934" classname="io.cucumber.testng.AbstractTestNGCucumberTests"/>
  <testcase name="runScenario" time="33.749" classname="io.cucumber.testng.AbstractTestNGCucumberTests"/>
  <testcase name="runScenario" time="32.588" classname="io.cucumber.testng.AbstractTestNGCucumberTests"/>
  <testcase name="runScenario" time="29.382" classname="io.cucumber.testng.AbstractTestNGCucumberTests"/>
  <testcase name="runScenario" time="25.631" classname="io.cucumber.testng.AbstractTestNGCucumberTests"/>
  <testcase name="runScenario" time="33.738" classname="io.cucumber.testng.AbstractTestNGCucumberTests"/>
  <testcase name="runScenario" time="29.719" classname="io.cucumber.testng.AbstractTestNGCucumberTests">
    <failure type="org.openqa.selenium.NoSuchSessionException" message="A session is either terminated or not started
Build info: version: &amp;apos;3.141.59&amp;apos;, revision: &amp;apos;e82be7d358&amp;apos;, time: &amp;apos;2018-11-14T08:17:03&amp;apos;
System info: host: &amp;apos;IT3ANCVR&amp;apos;, ip: &amp;apos;10.144.242.125&amp;apos;, os.name: &amp;apos;Windows 10&amp;apos;, os.arch: &amp;apos;amd64&amp;apos;, os.version: &amp;apos;10.0&amp;apos;, java.version: &amp;apos;1.8.0_161&amp;apos;
Driver info: io.appium.java_client.android.AndroidDriver
Capabilities {appActivity: vodafone.vis.engezly.ui.scr..., appPackage: com.emeint.android.myservices, databaseEnabled: false, desired: {appActivity: vodafone.vis.engezly.ui.scr..., appPackage: com.emeint.android.myservices, deviceName: Google Emulator, fullReset: false, language: ar, locale: EG, noReset: false, platformName: android, systemPort: 10000}, deviceManufacturer: Google, deviceModel: Android SDK built for x86, deviceName: emulator-5554, deviceScreenSize: 1080x1920, deviceUDID: emulator-5554, fullReset: false, javascriptEnabled: true, language: ar, locale: EG, locationContextEnabled: false, networkConnectionEnabled: true, noReset: false, platform: LINUX, platformName: Android, platformVersion: 9, systemPort: 10000, takesScreenshot: true, warnings: {}, webStorageEnabled: false}
Session ID: 583587db-a21d-4aa6-b85f-280d2e014de2">
      <![CDATA[org.openqa.selenium.NoSuchSessionException: A session is either terminated or not started
Build info: version: '3.141.59', revision: 'e82be7d358', time: '2018-11-14T08:17:03'
System info: host: 'IT3ANCVR', ip: '10.144.242.125', os.name: 'Windows 10', os.arch: 'amd64', os.version: '10.0', java.version: '1.8.0_161'
Driver info: io.appium.java_client.android.AndroidDriver
Capabilities {appActivity: vodafone.vis.engezly.ui.scr..., appPackage: com.emeint.android.myservices, databaseEnabled: false, desired: {appActivity: vodafone.vis.engezly.ui.scr..., appPackage: com.emeint.android.myservices, deviceName: Google Emulator, fullReset: false, language: ar, locale: EG, noReset: false, platformName: android, systemPort: 10000}, deviceManufacturer: Google, deviceModel: Android SDK built for x86, deviceName: emulator-5554, deviceScreenSize: 1080x1920, deviceUDID: emulator-5554, fullReset: false, javascriptEnabled: true, language: ar, locale: EG, locationContextEnabled: false, networkConnectionEnabled: true, noReset: false, platform: LINUX, platformName: Android, platformVersion: 9, systemPort: 10000, takesScreenshot: true, warnings: {}, webStorageEnabled: false}
Session ID: 583587db-a21d-4aa6-b85f-280d2e014de2
at org.openqa.selenium.remote.http.W3CHttpResponseCodec.createException(W3CHttpResponseCodec.java:187)
at org.openqa.selenium.remote.http.W3CHttpResponseCodec.decode(W3CHttpResponseCodec.java:122)
at org.openqa.selenium.remote.http.W3CHttpResponseCodec.decode(W3CHttpResponseCodec.java:49)
at org.openqa.selenium.remote.HttpCommandExecutor.execute(HttpCommandExecutor.java:158)
at io.appium.java_client.remote.AppiumCommandExecutor.execute(AppiumCommandExecutor.java:239)
at org.openqa.selenium.remote.RemoteWebDriver.execute(RemoteWebDriver.java:552)
at io.appium.java_client.DefaultGenericMobileDriver.execute(DefaultGenericMobileDriver.java:46)
at io.appium.java_client.AppiumDriver.execute(AppiumDriver.java:1)
at io.appium.java_client.android.AndroidDriver.execute(AndroidDriver.java:1)
at org.openqa.selenium.remote.RemoteWebDriver.getScreenshotAs(RemoteWebDriver.java:295)
at utilities.Screenshot.capture(Screenshot.java:18)
at utilities.Screenshot.saveScreenshot(Screenshot.java:31)
at app.tickets.billCard.BillCardStepDef.user_view_bill_card(BillCardStepDef.java:37)
at ✽.user view bill card for "PostPaid"(file:///D:/Automation/BDDFramework/src/test/java/app/tickets/billCard/billCard.feature:7)
... Removed 4 stack frames]]>
    </failure>
  </testcase> <!-- runScenario -->
  <testcase name="runScenario" time="0.06" classname="io.cucumber.testng.AbstractTestNGCucumberTests">
    <failure type="org.openqa.selenium.NoSuchSessionException" message="A session is either terminated or not started
Build info: version: &amp;apos;3.141.59&amp;apos;, revision: &amp;apos;e82be7d358&amp;apos;, time: &amp;apos;2018-11-14T08:17:03&amp;apos;
System info: host: &amp;apos;IT3ANCVR&amp;apos;, ip: &amp;apos;10.144.242.125&amp;apos;, os.name: &amp;apos;Windows 10&amp;apos;, os.arch: &amp;apos;amd64&amp;apos;, os.version: &amp;apos;10.0&amp;apos;, java.version: &amp;apos;1.8.0_161&amp;apos;
Driver info: io.appium.java_client.android.AndroidDriver
Capabilities {appActivity: vodafone.vis.engezly.ui.scr..., appPackage: com.emeint.android.myservices, databaseEnabled: false, desired: {appActivity: vodafone.vis.engezly.ui.scr..., appPackage: com.emeint.android.myservices, deviceName: Google Emulator, fullReset: false, language: ar, locale: EG, noReset: false, platformName: android, systemPort: 10000}, deviceManufacturer: Google, deviceModel: Android SDK built for x86, deviceName: emulator-5554, deviceScreenSize: 1080x1920, deviceUDID: emulator-5554, fullReset: false, javascriptEnabled: true, language: ar, locale: EG, locationContextEnabled: false, networkConnectionEnabled: true, noReset: false, platform: LINUX, platformName: Android, platformVersion: 9, systemPort: 10000, takesScreenshot: true, warnings: {}, webStorageEnabled: false}
Session ID: 583587db-a21d-4aa6-b85f-280d2e014de2">
      <![CDATA[org.openqa.selenium.NoSuchSessionException: A session is either terminated or not started
Build info: version: '3.141.59', revision: 'e82be7d358', time: '2018-11-14T08:17:03'
System info: host: 'IT3ANCVR', ip: '10.144.242.125', os.name: 'Windows 10', os.arch: 'amd64', os.version: '10.0', java.version: '1.8.0_161'
Driver info: io.appium.java_client.android.AndroidDriver
Capabilities {appActivity: vodafone.vis.engezly.ui.scr..., appPackage: com.emeint.android.myservices, databaseEnabled: false, desired: {appActivity: vodafone.vis.engezly.ui.scr..., appPackage: com.emeint.android.myservices, deviceName: Google Emulator, fullReset: false, language: ar, locale: EG, noReset: false, platformName: android, systemPort: 10000}, deviceManufacturer: Google, deviceModel: Android SDK built for x86, deviceName: emulator-5554, deviceScreenSize: 1080x1920, deviceUDID: emulator-5554, fullReset: false, javascriptEnabled: true, language: ar, locale: EG, locationContextEnabled: false, networkConnectionEnabled: true, noReset: false, platform: LINUX, platformName: Android, platformVersion: 9, systemPort: 10000, takesScreenshot: true, warnings: {}, webStorageEnabled: false}
Session ID: 583587db-a21d-4aa6-b85f-280d2e014de2
at org.openqa.selenium.remote.http.W3CHttpResponseCodec.createException(W3CHttpResponseCodec.java:187)
at org.openqa.selenium.remote.http.W3CHttpResponseCodec.decode(W3CHttpResponseCodec.java:122)
at org.openqa.selenium.remote.http.W3CHttpResponseCodec.decode(W3CHttpResponseCodec.java:49)
at org.openqa.selenium.remote.HttpCommandExecutor.execute(HttpCommandExecutor.java:158)
at io.appium.java_client.remote.AppiumCommandExecutor.execute(AppiumCommandExecutor.java:239)
at org.openqa.selenium.remote.RemoteWebDriver.execute(RemoteWebDriver.java:552)
at io.appium.java_client.DefaultGenericMobileDriver.execute(DefaultGenericMobileDriver.java:46)
at io.appium.java_client.AppiumDriver.execute(AppiumDriver.java:1)
at io.appium.java_client.android.AndroidDriver.execute(AndroidDriver.java:1)
at org.openqa.selenium.remote.RemoteWebDriver.getScreenshotAs(RemoteWebDriver.java:295)
at utilities.Screenshot.capture(Screenshot.java:18)
at utilities.Screenshot.saveScreenshot(Screenshot.java:31)
at app.tickets.billCard.BillCardStepDef.user_view_bill_card(BillCardStepDef.java:37)
at ✽.user view bill card for "Enterprise"(file:///D:/Automation/BDDFramework/src/test/java/app/tickets/billCard/billCard.feature:7)
... Removed 4 stack frames]]>
    </failure>
  </testcase> <!-- runScenario -->
  <testcase name="runScenario" time="5.06" classname="io.cucumber.testng.AbstractTestNGCucumberTests">
    <failure type="org.openqa.selenium.NoSuchSessionException" message="A session is either terminated or not started
Build info: version: &amp;apos;3.141.59&amp;apos;, revision: &amp;apos;e82be7d358&amp;apos;, time: &amp;apos;2018-11-14T08:17:03&amp;apos;
System info: host: &amp;apos;IT3ANCVR&amp;apos;, ip: &amp;apos;10.144.242.125&amp;apos;, os.name: &amp;apos;Windows 10&amp;apos;, os.arch: &amp;apos;amd64&amp;apos;, os.version: &amp;apos;10.0&amp;apos;, java.version: &amp;apos;1.8.0_161&amp;apos;
Driver info: io.appium.java_client.android.AndroidDriver
Capabilities {appActivity: vodafone.vis.engezly.ui.scr..., appPackage: com.emeint.android.myservices, databaseEnabled: false, desired: {appActivity: vodafone.vis.engezly.ui.scr..., appPackage: com.emeint.android.myservices, deviceName: Google Emulator, fullReset: false, language: ar, locale: EG, noReset: false, platformName: android, systemPort: 10000}, deviceManufacturer: Google, deviceModel: Android SDK built for x86, deviceName: emulator-5554, deviceScreenSize: 1080x1920, deviceUDID: emulator-5554, fullReset: false, javascriptEnabled: true, language: ar, locale: EG, locationContextEnabled: false, networkConnectionEnabled: true, noReset: false, platform: LINUX, platformName: Android, platformVersion: 9, systemPort: 10000, takesScreenshot: true, warnings: {}, webStorageEnabled: false}
Session ID: 583587db-a21d-4aa6-b85f-280d2e014de2">
      <![CDATA[org.openqa.selenium.NoSuchSessionException: A session is either terminated or not started
Build info: version: '3.141.59', revision: 'e82be7d358', time: '2018-11-14T08:17:03'
System info: host: 'IT3ANCVR', ip: '10.144.242.125', os.name: 'Windows 10', os.arch: 'amd64', os.version: '10.0', java.version: '1.8.0_161'
Driver info: io.appium.java_client.android.AndroidDriver
Capabilities {appActivity: vodafone.vis.engezly.ui.scr..., appPackage: com.emeint.android.myservices, databaseEnabled: false, desired: {appActivity: vodafone.vis.engezly.ui.scr..., appPackage: com.emeint.android.myservices, deviceName: Google Emulator, fullReset: false, language: ar, locale: EG, noReset: false, platformName: android, systemPort: 10000}, deviceManufacturer: Google, deviceModel: Android SDK built for x86, deviceName: emulator-5554, deviceScreenSize: 1080x1920, deviceUDID: emulator-5554, fullReset: false, javascriptEnabled: true, language: ar, locale: EG, locationContextEnabled: false, networkConnectionEnabled: true, noReset: false, platform: LINUX, platformName: Android, platformVersion: 9, systemPort: 10000, takesScreenshot: true, warnings: {}, webStorageEnabled: false}
Session ID: 583587db-a21d-4aa6-b85f-280d2e014de2
at org.openqa.selenium.remote.http.W3CHttpResponseCodec.createException(W3CHttpResponseCodec.java:187)
at org.openqa.selenium.remote.http.W3CHttpResponseCodec.decode(W3CHttpResponseCodec.java:122)
at org.openqa.selenium.remote.http.W3CHttpResponseCodec.decode(W3CHttpResponseCodec.java:49)
at org.openqa.selenium.remote.HttpCommandExecutor.execute(HttpCommandExecutor.java:158)
at io.appium.java_client.remote.AppiumCommandExecutor.execute(AppiumCommandExecutor.java:239)
at org.openqa.selenium.remote.RemoteWebDriver.execute(RemoteWebDriver.java:552)
at io.appium.java_client.DefaultGenericMobileDriver.execute(DefaultGenericMobileDriver.java:46)
at io.appium.java_client.AppiumDriver.execute(AppiumDriver.java:1)
at io.appium.java_client.android.AndroidDriver.execute(AndroidDriver.java:1)
at io.appium.java_client.HasSessionDetails.getSessionDetails(HasSessionDetails.java:39)
at io.appium.java_client.HasSessionDetails.getSessionDetail(HasSessionDetails.java:56)
at io.appium.java_client.HasSessionDetails.isBrowser(HasSessionDetails.java:86)
at io.appium.java_client.AppiumDriver.isBrowser(AppiumDriver.java:271)
at io.appium.java_client.pagefactory.utils.WebDriverUnpackUtility.lambda$0(WebDriverUnpackUtility.java:87)
at java.util.Optional.map(Unknown Source)
at io.appium.java_client.pagefactory.utils.WebDriverUnpackUtility.getCurrentContentType(WebDriverUnpackUtility.java:83)
at io.appium.java_client.pagefactory.AppiumElementLocator.getBy(AppiumElementLocator.java:90)
at io.appium.java_client.pagefactory.AppiumElementLocator.findElement(AppiumElementLocator.java:117)
at io.appium.java_client.pagefactory.interceptors.InterceptorOfASingleElement.intercept(InterceptorOfASingleElement.java:59)
at io.appium.java_client.android.AndroidElement$$EnhancerByCGLIB$$b598166c.click(<generated>)
at app.pages.Home.pressintcardEn(Home.java:160)
at app.tickets.usageConsumption.InternetStepDef.check_on_and_card_Based_on(InternetStepDef.java:33)
at ✽.check on "You are not subscribed to any bundle." and "انت غير مشترك في باقة موبايل انترنت." card   Based on "has no mi"(file:///D:/Automation/BDDFramework/src/test/java/app/tickets/usageConsumption/Internet.feature:5)
... Removed 4 stack frames]]>
    </failure>
  </testcase> <!-- runScenario -->
  <testcase name="runScenario" time="5.032" classname="io.cucumber.testng.AbstractTestNGCucumberTests">
    <failure type="org.openqa.selenium.NoSuchSessionException" message="A session is either terminated or not started
Build info: version: &amp;apos;3.141.59&amp;apos;, revision: &amp;apos;e82be7d358&amp;apos;, time: &amp;apos;2018-11-14T08:17:03&amp;apos;
System info: host: &amp;apos;IT3ANCVR&amp;apos;, ip: &amp;apos;10.144.242.125&amp;apos;, os.name: &amp;apos;Windows 10&amp;apos;, os.arch: &amp;apos;amd64&amp;apos;, os.version: &amp;apos;10.0&amp;apos;, java.version: &amp;apos;1.8.0_161&amp;apos;
Driver info: io.appium.java_client.android.AndroidDriver
Capabilities {appActivity: vodafone.vis.engezly.ui.scr..., appPackage: com.emeint.android.myservices, databaseEnabled: false, desired: {appActivity: vodafone.vis.engezly.ui.scr..., appPackage: com.emeint.android.myservices, deviceName: Google Emulator, fullReset: false, language: ar, locale: EG, noReset: false, platformName: android, systemPort: 10000}, deviceManufacturer: Google, deviceModel: Android SDK built for x86, deviceName: emulator-5554, deviceScreenSize: 1080x1920, deviceUDID: emulator-5554, fullReset: false, javascriptEnabled: true, language: ar, locale: EG, locationContextEnabled: false, networkConnectionEnabled: true, noReset: false, platform: LINUX, platformName: Android, platformVersion: 9, systemPort: 10000, takesScreenshot: true, warnings: {}, webStorageEnabled: false}
Session ID: 583587db-a21d-4aa6-b85f-280d2e014de2">
      <![CDATA[org.openqa.selenium.NoSuchSessionException: A session is either terminated or not started
Build info: version: '3.141.59', revision: 'e82be7d358', time: '2018-11-14T08:17:03'
System info: host: 'IT3ANCVR', ip: '10.144.242.125', os.name: 'Windows 10', os.arch: 'amd64', os.version: '10.0', java.version: '1.8.0_161'
Driver info: io.appium.java_client.android.AndroidDriver
Capabilities {appActivity: vodafone.vis.engezly.ui.scr..., appPackage: com.emeint.android.myservices, databaseEnabled: false, desired: {appActivity: vodafone.vis.engezly.ui.scr..., appPackage: com.emeint.android.myservices, deviceName: Google Emulator, fullReset: false, language: ar, locale: EG, noReset: false, platformName: android, systemPort: 10000}, deviceManufacturer: Google, deviceModel: Android SDK built for x86, deviceName: emulator-5554, deviceScreenSize: 1080x1920, deviceUDID: emulator-5554, fullReset: false, javascriptEnabled: true, language: ar, locale: EG, locationContextEnabled: false, networkConnectionEnabled: true, noReset: false, platform: LINUX, platformName: Android, platformVersion: 9, systemPort: 10000, takesScreenshot: true, warnings: {}, webStorageEnabled: false}
Session ID: 583587db-a21d-4aa6-b85f-280d2e014de2
at org.openqa.selenium.remote.http.W3CHttpResponseCodec.createException(W3CHttpResponseCodec.java:187)
at org.openqa.selenium.remote.http.W3CHttpResponseCodec.decode(W3CHttpResponseCodec.java:122)
at org.openqa.selenium.remote.http.W3CHttpResponseCodec.decode(W3CHttpResponseCodec.java:49)
at org.openqa.selenium.remote.HttpCommandExecutor.execute(HttpCommandExecutor.java:158)
at io.appium.java_client.remote.AppiumCommandExecutor.execute(AppiumCommandExecutor.java:239)
at org.openqa.selenium.remote.RemoteWebDriver.execute(RemoteWebDriver.java:552)
at io.appium.java_client.DefaultGenericMobileDriver.execute(DefaultGenericMobileDriver.java:46)
at io.appium.java_client.AppiumDriver.execute(AppiumDriver.java:1)
at io.appium.java_client.android.AndroidDriver.execute(AndroidDriver.java:1)
at io.appium.java_client.HasSessionDetails.getSessionDetails(HasSessionDetails.java:39)
at io.appium.java_client.HasSessionDetails.getSessionDetail(HasSessionDetails.java:56)
at io.appium.java_client.HasSessionDetails.isBrowser(HasSessionDetails.java:86)
at io.appium.java_client.AppiumDriver.isBrowser(AppiumDriver.java:271)
at io.appium.java_client.pagefactory.utils.WebDriverUnpackUtility.lambda$0(WebDriverUnpackUtility.java:87)
at java.util.Optional.map(Unknown Source)
at io.appium.java_client.pagefactory.utils.WebDriverUnpackUtility.getCurrentContentType(WebDriverUnpackUtility.java:83)
at io.appium.java_client.pagefactory.AppiumElementLocator.getBy(AppiumElementLocator.java:90)
at io.appium.java_client.pagefactory.AppiumElementLocator.findElement(AppiumElementLocator.java:117)
at io.appium.java_client.pagefactory.interceptors.InterceptorOfASingleElement.intercept(InterceptorOfASingleElement.java:59)
at io.appium.java_client.android.AndroidElement$$EnhancerByCGLIB$$b598166c.click(<generated>)
at app.pages.Home.pressintcardEn(Home.java:160)
at app.tickets.usageConsumption.InternetStepDef.check_on_and_card_Based_on(InternetStepDef.java:33)
at ✽.check on "150" and "150" card   Based on "has extreme"(file:///D:/Automation/BDDFramework/src/test/java/app/tickets/usageConsumption/Internet.feature:5)
... Removed 4 stack frames]]>
    </failure>
  </testcase> <!-- runScenario -->
  <testcase name="runScenario" time="5.026" classname="io.cucumber.testng.AbstractTestNGCucumberTests">
    <failure type="org.openqa.selenium.NoSuchSessionException" message="A session is either terminated or not started
Build info: version: &amp;apos;3.141.59&amp;apos;, revision: &amp;apos;e82be7d358&amp;apos;, time: &amp;apos;2018-11-14T08:17:03&amp;apos;
System info: host: &amp;apos;IT3ANCVR&amp;apos;, ip: &amp;apos;10.144.242.125&amp;apos;, os.name: &amp;apos;Windows 10&amp;apos;, os.arch: &amp;apos;amd64&amp;apos;, os.version: &amp;apos;10.0&amp;apos;, java.version: &amp;apos;1.8.0_161&amp;apos;
Driver info: io.appium.java_client.android.AndroidDriver
Capabilities {appActivity: vodafone.vis.engezly.ui.scr..., appPackage: com.emeint.android.myservices, databaseEnabled: false, desired: {appActivity: vodafone.vis.engezly.ui.scr..., appPackage: com.emeint.android.myservices, deviceName: Google Emulator, fullReset: false, language: ar, locale: EG, noReset: false, platformName: android, systemPort: 10000}, deviceManufacturer: Google, deviceModel: Android SDK built for x86, deviceName: emulator-5554, deviceScreenSize: 1080x1920, deviceUDID: emulator-5554, fullReset: false, javascriptEnabled: true, language: ar, locale: EG, locationContextEnabled: false, networkConnectionEnabled: true, noReset: false, platform: LINUX, platformName: Android, platformVersion: 9, systemPort: 10000, takesScreenshot: true, warnings: {}, webStorageEnabled: false}
Session ID: 583587db-a21d-4aa6-b85f-280d2e014de2">
      <![CDATA[org.openqa.selenium.NoSuchSessionException: A session is either terminated or not started
Build info: version: '3.141.59', revision: 'e82be7d358', time: '2018-11-14T08:17:03'
System info: host: 'IT3ANCVR', ip: '10.144.242.125', os.name: 'Windows 10', os.arch: 'amd64', os.version: '10.0', java.version: '1.8.0_161'
Driver info: io.appium.java_client.android.AndroidDriver
Capabilities {appActivity: vodafone.vis.engezly.ui.scr..., appPackage: com.emeint.android.myservices, databaseEnabled: false, desired: {appActivity: vodafone.vis.engezly.ui.scr..., appPackage: com.emeint.android.myservices, deviceName: Google Emulator, fullReset: false, language: ar, locale: EG, noReset: false, platformName: android, systemPort: 10000}, deviceManufacturer: Google, deviceModel: Android SDK built for x86, deviceName: emulator-5554, deviceScreenSize: 1080x1920, deviceUDID: emulator-5554, fullReset: false, javascriptEnabled: true, language: ar, locale: EG, locationContextEnabled: false, networkConnectionEnabled: true, noReset: false, platform: LINUX, platformName: Android, platformVersion: 9, systemPort: 10000, takesScreenshot: true, warnings: {}, webStorageEnabled: false}
Session ID: 583587db-a21d-4aa6-b85f-280d2e014de2
at org.openqa.selenium.remote.http.W3CHttpResponseCodec.createException(W3CHttpResponseCodec.java:187)
at org.openqa.selenium.remote.http.W3CHttpResponseCodec.decode(W3CHttpResponseCodec.java:122)
at org.openqa.selenium.remote.http.W3CHttpResponseCodec.decode(W3CHttpResponseCodec.java:49)
at org.openqa.selenium.remote.HttpCommandExecutor.execute(HttpCommandExecutor.java:158)
at io.appium.java_client.remote.AppiumCommandExecutor.execute(AppiumCommandExecutor.java:239)
at org.openqa.selenium.remote.RemoteWebDriver.execute(RemoteWebDriver.java:552)
at io.appium.java_client.DefaultGenericMobileDriver.execute(DefaultGenericMobileDriver.java:46)
at io.appium.java_client.AppiumDriver.execute(AppiumDriver.java:1)
at io.appium.java_client.android.AndroidDriver.execute(AndroidDriver.java:1)
at io.appium.java_client.HasSessionDetails.getSessionDetails(HasSessionDetails.java:39)
at io.appium.java_client.HasSessionDetails.getSessionDetail(HasSessionDetails.java:56)
at io.appium.java_client.HasSessionDetails.isBrowser(HasSessionDetails.java:86)
at io.appium.java_client.AppiumDriver.isBrowser(AppiumDriver.java:271)
at io.appium.java_client.pagefactory.utils.WebDriverUnpackUtility.lambda$0(WebDriverUnpackUtility.java:87)
at java.util.Optional.map(Unknown Source)
at io.appium.java_client.pagefactory.utils.WebDriverUnpackUtility.getCurrentContentType(WebDriverUnpackUtility.java:83)
at io.appium.java_client.pagefactory.AppiumElementLocator.getBy(AppiumElementLocator.java:90)
at io.appium.java_client.pagefactory.AppiumElementLocator.findElement(AppiumElementLocator.java:117)
at io.appium.java_client.pagefactory.interceptors.InterceptorOfASingleElement.intercept(InterceptorOfASingleElement.java:59)
at io.appium.java_client.android.AndroidElement$$EnhancerByCGLIB$$b598166c.click(<generated>)
at app.pages.Home.pressintcardEn(Home.java:160)
at app.tickets.usageConsumption.InternetStepDef.check_on_and_card_Based_on(InternetStepDef.java:33)
at ✽.check on "500" and "500" card   Based on "has plus bundle"(file:///D:/Automation/BDDFramework/src/test/java/app/tickets/usageConsumption/Internet.feature:5)
... Removed 4 stack frames]]>
    </failure>
  </testcase> <!-- runScenario -->
  <testcase name="runScenario" time="5.035" classname="io.cucumber.testng.AbstractTestNGCucumberTests">
    <failure type="org.openqa.selenium.NoSuchSessionException" message="A session is either terminated or not started
Build info: version: &amp;apos;3.141.59&amp;apos;, revision: &amp;apos;e82be7d358&amp;apos;, time: &amp;apos;2018-11-14T08:17:03&amp;apos;
System info: host: &amp;apos;IT3ANCVR&amp;apos;, ip: &amp;apos;10.144.242.125&amp;apos;, os.name: &amp;apos;Windows 10&amp;apos;, os.arch: &amp;apos;amd64&amp;apos;, os.version: &amp;apos;10.0&amp;apos;, java.version: &amp;apos;1.8.0_161&amp;apos;
Driver info: io.appium.java_client.android.AndroidDriver
Capabilities {appActivity: vodafone.vis.engezly.ui.scr..., appPackage: com.emeint.android.myservices, databaseEnabled: false, desired: {appActivity: vodafone.vis.engezly.ui.scr..., appPackage: com.emeint.android.myservices, deviceName: Google Emulator, fullReset: false, language: ar, locale: EG, noReset: false, platformName: android, systemPort: 10000}, deviceManufacturer: Google, deviceModel: Android SDK built for x86, deviceName: emulator-5554, deviceScreenSize: 1080x1920, deviceUDID: emulator-5554, fullReset: false, javascriptEnabled: true, language: ar, locale: EG, locationContextEnabled: false, networkConnectionEnabled: true, noReset: false, platform: LINUX, platformName: Android, platformVersion: 9, systemPort: 10000, takesScreenshot: true, warnings: {}, webStorageEnabled: false}
Session ID: 583587db-a21d-4aa6-b85f-280d2e014de2">
      <![CDATA[org.openqa.selenium.NoSuchSessionException: A session is either terminated or not started
Build info: version: '3.141.59', revision: 'e82be7d358', time: '2018-11-14T08:17:03'
System info: host: 'IT3ANCVR', ip: '10.144.242.125', os.name: 'Windows 10', os.arch: 'amd64', os.version: '10.0', java.version: '1.8.0_161'
Driver info: io.appium.java_client.android.AndroidDriver
Capabilities {appActivity: vodafone.vis.engezly.ui.scr..., appPackage: com.emeint.android.myservices, databaseEnabled: false, desired: {appActivity: vodafone.vis.engezly.ui.scr..., appPackage: com.emeint.android.myservices, deviceName: Google Emulator, fullReset: false, language: ar, locale: EG, noReset: false, platformName: android, systemPort: 10000}, deviceManufacturer: Google, deviceModel: Android SDK built for x86, deviceName: emulator-5554, deviceScreenSize: 1080x1920, deviceUDID: emulator-5554, fullReset: false, javascriptEnabled: true, language: ar, locale: EG, locationContextEnabled: false, networkConnectionEnabled: true, noReset: false, platform: LINUX, platformName: Android, platformVersion: 9, systemPort: 10000, takesScreenshot: true, warnings: {}, webStorageEnabled: false}
Session ID: 583587db-a21d-4aa6-b85f-280d2e014de2
at org.openqa.selenium.remote.http.W3CHttpResponseCodec.createException(W3CHttpResponseCodec.java:187)
at org.openqa.selenium.remote.http.W3CHttpResponseCodec.decode(W3CHttpResponseCodec.java:122)
at org.openqa.selenium.remote.http.W3CHttpResponseCodec.decode(W3CHttpResponseCodec.java:49)
at org.openqa.selenium.remote.HttpCommandExecutor.execute(HttpCommandExecutor.java:158)
at io.appium.java_client.remote.AppiumCommandExecutor.execute(AppiumCommandExecutor.java:239)
at org.openqa.selenium.remote.RemoteWebDriver.execute(RemoteWebDriver.java:552)
at io.appium.java_client.DefaultGenericMobileDriver.execute(DefaultGenericMobileDriver.java:46)
at io.appium.java_client.AppiumDriver.execute(AppiumDriver.java:1)
at io.appium.java_client.android.AndroidDriver.execute(AndroidDriver.java:1)
at io.appium.java_client.HasSessionDetails.getSessionDetails(HasSessionDetails.java:39)
at io.appium.java_client.HasSessionDetails.getSessionDetail(HasSessionDetails.java:56)
at io.appium.java_client.HasSessionDetails.isBrowser(HasSessionDetails.java:86)
at io.appium.java_client.AppiumDriver.isBrowser(AppiumDriver.java:271)
at io.appium.java_client.pagefactory.utils.WebDriverUnpackUtility.lambda$0(WebDriverUnpackUtility.java:87)
at java.util.Optional.map(Unknown Source)
at io.appium.java_client.pagefactory.utils.WebDriverUnpackUtility.getCurrentContentType(WebDriverUnpackUtility.java:83)
at io.appium.java_client.pagefactory.AppiumElementLocator.getBy(AppiumElementLocator.java:90)
at io.appium.java_client.pagefactory.AppiumElementLocator.findElement(AppiumElementLocator.java:117)
at io.appium.java_client.pagefactory.interceptors.InterceptorOfASingleElement.intercept(InterceptorOfASingleElement.java:59)
at io.appium.java_client.android.AndroidElement$$EnhancerByCGLIB$$b598166c.click(<generated>)
at app.pages.Home.pressmincardEn(Home.java:149)
at app.tickets.usageConsumption.RedQoutaStepDef.based_on_check_on_and_card(RedQoutaStepDef.java:21)
at ✽.Based on "Red" check on "4000" and "4000" card(file:///D:/Automation/BDDFramework/src/test/java/app/tickets/usageConsumption/RedQouta.feature:5)
... Removed 3 stack frames]]>
    </failure>
  </testcase> <!-- runScenario -->
  <testcase name="runScenario" time="5.044" classname="io.cucumber.testng.AbstractTestNGCucumberTests">
    <failure type="org.openqa.selenium.NoSuchSessionException" message="A session is either terminated or not started
Build info: version: &amp;apos;3.141.59&amp;apos;, revision: &amp;apos;e82be7d358&amp;apos;, time: &amp;apos;2018-11-14T08:17:03&amp;apos;
System info: host: &amp;apos;IT3ANCVR&amp;apos;, ip: &amp;apos;10.144.242.125&amp;apos;, os.name: &amp;apos;Windows 10&amp;apos;, os.arch: &amp;apos;amd64&amp;apos;, os.version: &amp;apos;10.0&amp;apos;, java.version: &amp;apos;1.8.0_161&amp;apos;
Driver info: io.appium.java_client.android.AndroidDriver
Capabilities {appActivity: vodafone.vis.engezly.ui.scr..., appPackage: com.emeint.android.myservices, databaseEnabled: false, desired: {appActivity: vodafone.vis.engezly.ui.scr..., appPackage: com.emeint.android.myservices, deviceName: Google Emulator, fullReset: false, language: ar, locale: EG, noReset: false, platformName: android, systemPort: 10000}, deviceManufacturer: Google, deviceModel: Android SDK built for x86, deviceName: emulator-5554, deviceScreenSize: 1080x1920, deviceUDID: emulator-5554, fullReset: false, javascriptEnabled: true, language: ar, locale: EG, locationContextEnabled: false, networkConnectionEnabled: true, noReset: false, platform: LINUX, platformName: Android, platformVersion: 9, systemPort: 10000, takesScreenshot: true, warnings: {}, webStorageEnabled: false}
Session ID: 583587db-a21d-4aa6-b85f-280d2e014de2">
      <![CDATA[org.openqa.selenium.NoSuchSessionException: A session is either terminated or not started
Build info: version: '3.141.59', revision: 'e82be7d358', time: '2018-11-14T08:17:03'
System info: host: 'IT3ANCVR', ip: '10.144.242.125', os.name: 'Windows 10', os.arch: 'amd64', os.version: '10.0', java.version: '1.8.0_161'
Driver info: io.appium.java_client.android.AndroidDriver
Capabilities {appActivity: vodafone.vis.engezly.ui.scr..., appPackage: com.emeint.android.myservices, databaseEnabled: false, desired: {appActivity: vodafone.vis.engezly.ui.scr..., appPackage: com.emeint.android.myservices, deviceName: Google Emulator, fullReset: false, language: ar, locale: EG, noReset: false, platformName: android, systemPort: 10000}, deviceManufacturer: Google, deviceModel: Android SDK built for x86, deviceName: emulator-5554, deviceScreenSize: 1080x1920, deviceUDID: emulator-5554, fullReset: false, javascriptEnabled: true, language: ar, locale: EG, locationContextEnabled: false, networkConnectionEnabled: true, noReset: false, platform: LINUX, platformName: Android, platformVersion: 9, systemPort: 10000, takesScreenshot: true, warnings: {}, webStorageEnabled: false}
Session ID: 583587db-a21d-4aa6-b85f-280d2e014de2
at org.openqa.selenium.remote.http.W3CHttpResponseCodec.createException(W3CHttpResponseCodec.java:187)
at org.openqa.selenium.remote.http.W3CHttpResponseCodec.decode(W3CHttpResponseCodec.java:122)
at org.openqa.selenium.remote.http.W3CHttpResponseCodec.decode(W3CHttpResponseCodec.java:49)
at org.openqa.selenium.remote.HttpCommandExecutor.execute(HttpCommandExecutor.java:158)
at io.appium.java_client.remote.AppiumCommandExecutor.execute(AppiumCommandExecutor.java:239)
at org.openqa.selenium.remote.RemoteWebDriver.execute(RemoteWebDriver.java:552)
at io.appium.java_client.DefaultGenericMobileDriver.execute(DefaultGenericMobileDriver.java:46)
at io.appium.java_client.AppiumDriver.execute(AppiumDriver.java:1)
at io.appium.java_client.android.AndroidDriver.execute(AndroidDriver.java:1)
at io.appium.java_client.HasSessionDetails.getSessionDetails(HasSessionDetails.java:39)
at io.appium.java_client.HasSessionDetails.getSessionDetail(HasSessionDetails.java:56)
at io.appium.java_client.HasSessionDetails.isBrowser(HasSessionDetails.java:86)
at io.appium.java_client.AppiumDriver.isBrowser(AppiumDriver.java:271)
at io.appium.java_client.pagefactory.utils.WebDriverUnpackUtility.lambda$0(WebDriverUnpackUtility.java:87)
at java.util.Optional.map(Unknown Source)
at io.appium.java_client.pagefactory.utils.WebDriverUnpackUtility.getCurrentContentType(WebDriverUnpackUtility.java:83)
at io.appium.java_client.pagefactory.AppiumElementLocator.getBy(AppiumElementLocator.java:90)
at io.appium.java_client.pagefactory.AppiumElementLocator.findElement(AppiumElementLocator.java:117)
at io.appium.java_client.pagefactory.interceptors.InterceptorOfASingleElement.intercept(InterceptorOfASingleElement.java:59)
at io.appium.java_client.android.AndroidElement$$EnhancerByCGLIB$$b598166c.click(<generated>)
at app.pages.Home.pressintcardEn(Home.java:160)
at app.tickets.usageConsumption.RedQoutaStepDef.check_on_and_card_Based_on(RedQoutaStepDef.java:62)
at ✽.check on "20480" and "20480" card  Based on "Red"(file:///D:/Automation/BDDFramework/src/test/java/app/tickets/usageConsumption/RedQouta.feature:17)
... Removed 3 stack frames]]>
    </failure>
  </testcase> <!-- runScenario -->
  <testcase name="runScenario" time="5.163" classname="io.cucumber.testng.AbstractTestNGCucumberTests">
    <failure type="org.openqa.selenium.NoSuchSessionException" message="A session is either terminated or not started
Build info: version: &amp;apos;3.141.59&amp;apos;, revision: &amp;apos;e82be7d358&amp;apos;, time: &amp;apos;2018-11-14T08:17:03&amp;apos;
System info: host: &amp;apos;IT3ANCVR&amp;apos;, ip: &amp;apos;10.144.242.125&amp;apos;, os.name: &amp;apos;Windows 10&amp;apos;, os.arch: &amp;apos;amd64&amp;apos;, os.version: &amp;apos;10.0&amp;apos;, java.version: &amp;apos;1.8.0_161&amp;apos;
Driver info: io.appium.java_client.android.AndroidDriver
Capabilities {appActivity: vodafone.vis.engezly.ui.scr..., appPackage: com.emeint.android.myservices, databaseEnabled: false, desired: {appActivity: vodafone.vis.engezly.ui.scr..., appPackage: com.emeint.android.myservices, deviceName: Google Emulator, fullReset: false, language: ar, locale: EG, noReset: false, platformName: android, systemPort: 10000}, deviceManufacturer: Google, deviceModel: Android SDK built for x86, deviceName: emulator-5554, deviceScreenSize: 1080x1920, deviceUDID: emulator-5554, fullReset: false, javascriptEnabled: true, language: ar, locale: EG, locationContextEnabled: false, networkConnectionEnabled: true, noReset: false, platform: LINUX, platformName: Android, platformVersion: 9, systemPort: 10000, takesScreenshot: true, warnings: {}, webStorageEnabled: false}
Session ID: 583587db-a21d-4aa6-b85f-280d2e014de2">
      <![CDATA[org.openqa.selenium.NoSuchSessionException: A session is either terminated or not started
Build info: version: '3.141.59', revision: 'e82be7d358', time: '2018-11-14T08:17:03'
System info: host: 'IT3ANCVR', ip: '10.144.242.125', os.name: 'Windows 10', os.arch: 'amd64', os.version: '10.0', java.version: '1.8.0_161'
Driver info: io.appium.java_client.android.AndroidDriver
Capabilities {appActivity: vodafone.vis.engezly.ui.scr..., appPackage: com.emeint.android.myservices, databaseEnabled: false, desired: {appActivity: vodafone.vis.engezly.ui.scr..., appPackage: com.emeint.android.myservices, deviceName: Google Emulator, fullReset: false, language: ar, locale: EG, noReset: false, platformName: android, systemPort: 10000}, deviceManufacturer: Google, deviceModel: Android SDK built for x86, deviceName: emulator-5554, deviceScreenSize: 1080x1920, deviceUDID: emulator-5554, fullReset: false, javascriptEnabled: true, language: ar, locale: EG, locationContextEnabled: false, networkConnectionEnabled: true, noReset: false, platform: LINUX, platformName: Android, platformVersion: 9, systemPort: 10000, takesScreenshot: true, warnings: {}, webStorageEnabled: false}
Session ID: 583587db-a21d-4aa6-b85f-280d2e014de2
at org.openqa.selenium.remote.http.W3CHttpResponseCodec.createException(W3CHttpResponseCodec.java:187)
at org.openqa.selenium.remote.http.W3CHttpResponseCodec.decode(W3CHttpResponseCodec.java:122)
at org.openqa.selenium.remote.http.W3CHttpResponseCodec.decode(W3CHttpResponseCodec.java:49)
at org.openqa.selenium.remote.HttpCommandExecutor.execute(HttpCommandExecutor.java:158)
at io.appium.java_client.remote.AppiumCommandExecutor.execute(AppiumCommandExecutor.java:239)
at org.openqa.selenium.remote.RemoteWebDriver.execute(RemoteWebDriver.java:552)
at io.appium.java_client.DefaultGenericMobileDriver.execute(DefaultGenericMobileDriver.java:46)
at io.appium.java_client.AppiumDriver.execute(AppiumDriver.java:1)
at io.appium.java_client.android.AndroidDriver.execute(AndroidDriver.java:1)
at io.appium.java_client.InteractsWithApps.resetApp(InteractsWithApps.java:93)
at app.pages.PageObject.launchApp(PageObject.java:21)
... Removed 3 stack frames]]>
    </failure>
  </testcase> <!-- runScenario -->
  <testcase name="runScenario" time="5.05" classname="io.cucumber.testng.AbstractTestNGCucumberTests">
    <failure type="org.openqa.selenium.NoSuchSessionException" message="A session is either terminated or not started
Build info: version: &amp;apos;3.141.59&amp;apos;, revision: &amp;apos;e82be7d358&amp;apos;, time: &amp;apos;2018-11-14T08:17:03&amp;apos;
System info: host: &amp;apos;IT3ANCVR&amp;apos;, ip: &amp;apos;10.144.242.125&amp;apos;, os.name: &amp;apos;Windows 10&amp;apos;, os.arch: &amp;apos;amd64&amp;apos;, os.version: &amp;apos;10.0&amp;apos;, java.version: &amp;apos;1.8.0_161&amp;apos;
Driver info: io.appium.java_client.android.AndroidDriver
Capabilities {appActivity: vodafone.vis.engezly.ui.scr..., appPackage: com.emeint.android.myservices, databaseEnabled: false, desired: {appActivity: vodafone.vis.engezly.ui.scr..., appPackage: com.emeint.android.myservices, deviceName: Google Emulator, fullReset: false, language: ar, locale: EG, noReset: false, platformName: android, systemPort: 10000}, deviceManufacturer: Google, deviceModel: Android SDK built for x86, deviceName: emulator-5554, deviceScreenSize: 1080x1920, deviceUDID: emulator-5554, fullReset: false, javascriptEnabled: true, language: ar, locale: EG, locationContextEnabled: false, networkConnectionEnabled: true, noReset: false, platform: LINUX, platformName: Android, platformVersion: 9, systemPort: 10000, takesScreenshot: true, warnings: {}, webStorageEnabled: false}
Session ID: 583587db-a21d-4aa6-b85f-280d2e014de2">
      <![CDATA[org.openqa.selenium.NoSuchSessionException: A session is either terminated or not started
Build info: version: '3.141.59', revision: 'e82be7d358', time: '2018-11-14T08:17:03'
System info: host: 'IT3ANCVR', ip: '10.144.242.125', os.name: 'Windows 10', os.arch: 'amd64', os.version: '10.0', java.version: '1.8.0_161'
Driver info: io.appium.java_client.android.AndroidDriver
Capabilities {appActivity: vodafone.vis.engezly.ui.scr..., appPackage: com.emeint.android.myservices, databaseEnabled: false, desired: {appActivity: vodafone.vis.engezly.ui.scr..., appPackage: com.emeint.android.myservices, deviceName: Google Emulator, fullReset: false, language: ar, locale: EG, noReset: false, platformName: android, systemPort: 10000}, deviceManufacturer: Google, deviceModel: Android SDK built for x86, deviceName: emulator-5554, deviceScreenSize: 1080x1920, deviceUDID: emulator-5554, fullReset: false, javascriptEnabled: true, language: ar, locale: EG, locationContextEnabled: false, networkConnectionEnabled: true, noReset: false, platform: LINUX, platformName: Android, platformVersion: 9, systemPort: 10000, takesScreenshot: true, warnings: {}, webStorageEnabled: false}
Session ID: 583587db-a21d-4aa6-b85f-280d2e014de2
at org.openqa.selenium.remote.http.W3CHttpResponseCodec.createException(W3CHttpResponseCodec.java:187)
at org.openqa.selenium.remote.http.W3CHttpResponseCodec.decode(W3CHttpResponseCodec.java:122)
at org.openqa.selenium.remote.http.W3CHttpResponseCodec.decode(W3CHttpResponseCodec.java:49)
at org.openqa.selenium.remote.HttpCommandExecutor.execute(HttpCommandExecutor.java:158)
at io.appium.java_client.remote.AppiumCommandExecutor.execute(AppiumCommandExecutor.java:239)
at org.openqa.selenium.remote.RemoteWebDriver.execute(RemoteWebDriver.java:552)
at io.appium.java_client.DefaultGenericMobileDriver.execute(DefaultGenericMobileDriver.java:46)
at io.appium.java_client.AppiumDriver.execute(AppiumDriver.java:1)
at io.appium.java_client.android.AndroidDriver.execute(AndroidDriver.java:1)
at io.appium.java_client.InteractsWithApps.resetApp(InteractsWithApps.java:93)
at app.pages.PageObject.launchApp(PageObject.java:21)
... Removed 3 stack frames]]>
    </failure>
  </testcase> <!-- runScenario -->
  <testcase name="runScenario" time="5.076" classname="io.cucumber.testng.AbstractTestNGCucumberTests">
    <failure type="org.openqa.selenium.NoSuchSessionException" message="A session is either terminated or not started
Build info: version: &amp;apos;3.141.59&amp;apos;, revision: &amp;apos;e82be7d358&amp;apos;, time: &amp;apos;2018-11-14T08:17:03&amp;apos;
System info: host: &amp;apos;IT3ANCVR&amp;apos;, ip: &amp;apos;10.144.242.125&amp;apos;, os.name: &amp;apos;Windows 10&amp;apos;, os.arch: &amp;apos;amd64&amp;apos;, os.version: &amp;apos;10.0&amp;apos;, java.version: &amp;apos;1.8.0_161&amp;apos;
Driver info: io.appium.java_client.android.AndroidDriver
Capabilities {appActivity: vodafone.vis.engezly.ui.scr..., appPackage: com.emeint.android.myservices, databaseEnabled: false, desired: {appActivity: vodafone.vis.engezly.ui.scr..., appPackage: com.emeint.android.myservices, deviceName: Google Emulator, fullReset: false, language: ar, locale: EG, noReset: false, platformName: android, systemPort: 10000}, deviceManufacturer: Google, deviceModel: Android SDK built for x86, deviceName: emulator-5554, deviceScreenSize: 1080x1920, deviceUDID: emulator-5554, fullReset: false, javascriptEnabled: true, language: ar, locale: EG, locationContextEnabled: false, networkConnectionEnabled: true, noReset: false, platform: LINUX, platformName: Android, platformVersion: 9, systemPort: 10000, takesScreenshot: true, warnings: {}, webStorageEnabled: false}
Session ID: 583587db-a21d-4aa6-b85f-280d2e014de2">
      <![CDATA[org.openqa.selenium.NoSuchSessionException: A session is either terminated or not started
Build info: version: '3.141.59', revision: 'e82be7d358', time: '2018-11-14T08:17:03'
System info: host: 'IT3ANCVR', ip: '10.144.242.125', os.name: 'Windows 10', os.arch: 'amd64', os.version: '10.0', java.version: '1.8.0_161'
Driver info: io.appium.java_client.android.AndroidDriver
Capabilities {appActivity: vodafone.vis.engezly.ui.scr..., appPackage: com.emeint.android.myservices, databaseEnabled: false, desired: {appActivity: vodafone.vis.engezly.ui.scr..., appPackage: com.emeint.android.myservices, deviceName: Google Emulator, fullReset: false, language: ar, locale: EG, noReset: false, platformName: android, systemPort: 10000}, deviceManufacturer: Google, deviceModel: Android SDK built for x86, deviceName: emulator-5554, deviceScreenSize: 1080x1920, deviceUDID: emulator-5554, fullReset: false, javascriptEnabled: true, language: ar, locale: EG, locationContextEnabled: false, networkConnectionEnabled: true, noReset: false, platform: LINUX, platformName: Android, platformVersion: 9, systemPort: 10000, takesScreenshot: true, warnings: {}, webStorageEnabled: false}
Session ID: 583587db-a21d-4aa6-b85f-280d2e014de2
at org.openqa.selenium.remote.http.W3CHttpResponseCodec.createException(W3CHttpResponseCodec.java:187)
at org.openqa.selenium.remote.http.W3CHttpResponseCodec.decode(W3CHttpResponseCodec.java:122)
at org.openqa.selenium.remote.http.W3CHttpResponseCodec.decode(W3CHttpResponseCodec.java:49)
at org.openqa.selenium.remote.HttpCommandExecutor.execute(HttpCommandExecutor.java:158)
at io.appium.java_client.remote.AppiumCommandExecutor.execute(AppiumCommandExecutor.java:239)
at org.openqa.selenium.remote.RemoteWebDriver.execute(RemoteWebDriver.java:552)
at io.appium.java_client.DefaultGenericMobileDriver.execute(DefaultGenericMobileDriver.java:46)
at io.appium.java_client.AppiumDriver.execute(AppiumDriver.java:1)
at io.appium.java_client.android.AndroidDriver.execute(AndroidDriver.java:1)
at io.appium.java_client.InteractsWithApps.resetApp(InteractsWithApps.java:93)
at app.pages.PageObject.launchApp(PageObject.java:21)
... Removed 3 stack frames]]>
    </failure>
  </testcase> <!-- runScenario -->
  <testcase name="runScenario" time="0.01" classname="io.cucumber.testng.AbstractTestNGCucumberTests">
    <failure type="io.cucumber.core.runner.DuplicateStepDefinitionException" message="Duplicate step definitions in app.tickets.usageConsumption.InternetStepDef.user_logged_in_using_jwt_using_and(java.lang.String,java.lang.String) and app.tickets.usagemanagment.MinandSmsStepDef.user_logged_in_using_jwt_using_and(java.lang.String,java.lang.String)">
      <![CDATA[io.cucumber.core.runner.DuplicateStepDefinitionException: Duplicate step definitions in app.tickets.usageConsumption.InternetStepDef.user_logged_in_using_jwt_using_and(java.lang.String,java.lang.String) and app.tickets.usagemanagment.MinandSmsStepDef.user_logged_in_using_jwt_using_and(java.lang.String,java.lang.String)
at io.cucumber.core.runner.CachingGlue.lambda$prepareGlue$3(CachingGlue.java:241)
at java.util.ArrayList.forEach(Unknown Source)
at io.cucumber.core.runner.CachingGlue.prepareGlue(CachingGlue.java:235)
at io.cucumber.core.runner.Runner.runPickle(Runner.java:68)
at io.cucumber.testng.TestNGCucumberRunner.lambda$runScenario$0(TestNGCucumberRunner.java:115)
at io.cucumber.core.runtime.CucumberExecutionContext.runTestCase(CucumberExecutionContext.java:131)
at io.cucumber.testng.TestNGCucumberRunner.runScenario(TestNGCucumberRunner.java:112)
at io.cucumber.testng.AbstractTestNGCucumberTests.runScenario(AbstractTestNGCucumberTests.java:31)
... Removed 24 stack frames]]>
    </failure>
  </testcase> <!-- runScenario -->
  <testcase name="runScenario" time="0.002" classname="io.cucumber.testng.AbstractTestNGCucumberTests">
    <failure type="io.cucumber.core.runner.DuplicateStepDefinitionException" message="Duplicate step definitions in app.tickets.usageConsumption.InternetStepDef.user_logged_in_using_jwt_using_and(java.lang.String,java.lang.String) and app.tickets.usagemanagment.MinandSmsStepDef.user_logged_in_using_jwt_using_and(java.lang.String,java.lang.String)">
      <![CDATA[io.cucumber.core.runner.DuplicateStepDefinitionException: Duplicate step definitions in app.tickets.usageConsumption.InternetStepDef.user_logged_in_using_jwt_using_and(java.lang.String,java.lang.String) and app.tickets.usagemanagment.MinandSmsStepDef.user_logged_in_using_jwt_using_and(java.lang.String,java.lang.String)
at io.cucumber.core.runner.CachingGlue.lambda$prepareGlue$3(CachingGlue.java:241)
at java.util.ArrayList.forEach(Unknown Source)
at io.cucumber.core.runner.CachingGlue.prepareGlue(CachingGlue.java:235)
at io.cucumber.core.runner.Runner.runPickle(Runner.java:68)
at io.cucumber.testng.TestNGCucumberRunner.lambda$runScenario$0(TestNGCucumberRunner.java:115)
at io.cucumber.core.runtime.CucumberExecutionContext.runTestCase(CucumberExecutionContext.java:131)
at io.cucumber.testng.TestNGCucumberRunner.runScenario(TestNGCucumberRunner.java:112)
at io.cucumber.testng.AbstractTestNGCucumberTests.runScenario(AbstractTestNGCucumberTests.java:31)
... Removed 24 stack frames]]>
    </failure>
  </testcase> <!-- runScenario -->
  <testcase name="runScenario" time="0.009" classname="io.cucumber.testng.AbstractTestNGCucumberTests">
    <failure type="io.cucumber.core.runner.DuplicateStepDefinitionException" message="Duplicate step definitions in app.tickets.usageConsumption.InternetStepDef.user_logged_in_using_jwt_using_and(java.lang.String,java.lang.String) and app.tickets.usagemanagment.MinandSmsStepDef.user_logged_in_using_jwt_using_and(java.lang.String,java.lang.String)">
      <![CDATA[io.cucumber.core.runner.DuplicateStepDefinitionException: Duplicate step definitions in app.tickets.usageConsumption.InternetStepDef.user_logged_in_using_jwt_using_and(java.lang.String,java.lang.String) and app.tickets.usagemanagment.MinandSmsStepDef.user_logged_in_using_jwt_using_and(java.lang.String,java.lang.String)
at io.cucumber.core.runner.CachingGlue.lambda$prepareGlue$3(CachingGlue.java:241)
at java.util.ArrayList.forEach(Unknown Source)
at io.cucumber.core.runner.CachingGlue.prepareGlue(CachingGlue.java:235)
at io.cucumber.core.runner.Runner.runPickle(Runner.java:68)
at io.cucumber.testng.TestNGCucumberRunner.lambda$runScenario$0(TestNGCucumberRunner.java:115)
at io.cucumber.core.runtime.CucumberExecutionContext.runTestCase(CucumberExecutionContext.java:131)
at io.cucumber.testng.TestNGCucumberRunner.runScenario(TestNGCucumberRunner.java:112)
at io.cucumber.testng.AbstractTestNGCucumberTests.runScenario(AbstractTestNGCucumberTests.java:31)
... Removed 24 stack frames]]>
    </failure>
  </testcase> <!-- runScenario -->
  <testcase name="runScenario" time="0.002" classname="io.cucumber.testng.AbstractTestNGCucumberTests">
    <failure type="io.cucumber.core.runner.DuplicateStepDefinitionException" message="Duplicate step definitions in app.tickets.usageConsumption.InternetStepDef.user_logged_in_using_jwt_using_and(java.lang.String,java.lang.String) and app.tickets.usagemanagment.MinandSmsStepDef.user_logged_in_using_jwt_using_and(java.lang.String,java.lang.String)">
      <![CDATA[io.cucumber.core.runner.DuplicateStepDefinitionException: Duplicate step definitions in app.tickets.usageConsumption.InternetStepDef.user_logged_in_using_jwt_using_and(java.lang.String,java.lang.String) and app.tickets.usagemanagment.MinandSmsStepDef.user_logged_in_using_jwt_using_and(java.lang.String,java.lang.String)
at io.cucumber.core.runner.CachingGlue.lambda$prepareGlue$3(CachingGlue.java:241)
at java.util.ArrayList.forEach(Unknown Source)
at io.cucumber.core.runner.CachingGlue.prepareGlue(CachingGlue.java:235)
at io.cucumber.core.runner.Runner.runPickle(Runner.java:68)
at io.cucumber.testng.TestNGCucumberRunner.lambda$runScenario$0(TestNGCucumberRunner.java:115)
at io.cucumber.core.runtime.CucumberExecutionContext.runTestCase(CucumberExecutionContext.java:131)
at io.cucumber.testng.TestNGCucumberRunner.runScenario(TestNGCucumberRunner.java:112)
at io.cucumber.testng.AbstractTestNGCucumberTests.runScenario(AbstractTestNGCucumberTests.java:31)
... Removed 24 stack frames]]>
    </failure>
  </testcase> <!-- runScenario -->
  <testcase name="runScenario" time="0.02" classname="io.cucumber.testng.AbstractTestNGCucumberTests">
    <failure type="io.cucumber.core.runner.DuplicateStepDefinitionException" message="Duplicate step definitions in app.tickets.usageConsumption.InternetStepDef.user_logged_in_using_jwt_using_and(java.lang.String,java.lang.String) and app.tickets.usagemanagment.MinandSmsStepDef.user_logged_in_using_jwt_using_and(java.lang.String,java.lang.String)">
      <![CDATA[io.cucumber.core.runner.DuplicateStepDefinitionException: Duplicate step definitions in app.tickets.usageConsumption.InternetStepDef.user_logged_in_using_jwt_using_and(java.lang.String,java.lang.String) and app.tickets.usagemanagment.MinandSmsStepDef.user_logged_in_using_jwt_using_and(java.lang.String,java.lang.String)
at io.cucumber.core.runner.CachingGlue.lambda$prepareGlue$3(CachingGlue.java:241)
at java.util.ArrayList.forEach(Unknown Source)
at io.cucumber.core.runner.CachingGlue.prepareGlue(CachingGlue.java:235)
at io.cucumber.core.runner.Runner.runPickle(Runner.java:68)
at io.cucumber.testng.TestNGCucumberRunner.lambda$runScenario$0(TestNGCucumberRunner.java:115)
at io.cucumber.core.runtime.CucumberExecutionContext.runTestCase(CucumberExecutionContext.java:131)
at io.cucumber.testng.TestNGCucumberRunner.runScenario(TestNGCucumberRunner.java:112)
at io.cucumber.testng.AbstractTestNGCucumberTests.runScenario(AbstractTestNGCucumberTests.java:31)
... Removed 24 stack frames]]>
    </failure>
  </testcase> <!-- runScenario -->
  <testcase name="@BeforeTest appInit" time="0.0" classname="utilities.TestBase">
    <ignored/>
  </testcase> <!-- @BeforeTest appInit -->
  <testcase name="@BeforeTest appInit" time="0.0" classname="utilities.TestBase">
    <ignored/>
  </testcase> <!-- @BeforeTest appInit -->
  <testcase name="@BeforeTest appInit" time="0.0" classname="utilities.TestBase">
    <ignored/>
  </testcase> <!-- @BeforeTest appInit -->
  <testcase name="@BeforeTest appInit" time="0.0" classname="utilities.TestBase">
    <ignored/>
  </testcase> <!-- @BeforeTest appInit -->
  <testcase name="@BeforeTest appInit" time="0.0" classname="utilities.TestBase">
    <ignored/>
  </testcase> <!-- @BeforeTest appInit -->
  <testcase name="@BeforeTest appInit" time="0.0" classname="utilities.TestBase">
    <ignored/>
  </testcase> <!-- @BeforeTest appInit -->
  <testcase name="@BeforeTest appInit" time="0.0" classname="utilities.TestBase">
    <ignored/>
  </testcase> <!-- @BeforeTest appInit -->
  <testcase name="@BeforeTest appInit" time="0.0" classname="utilities.TestBase">
    <ignored/>
  </testcase> <!-- @BeforeTest appInit -->
  <testcase name="@BeforeTest appInit" time="0.0" classname="utilities.TestBase">
    <ignored/>
  </testcase> <!-- @BeforeTest appInit -->
  <testcase name="@BeforeTest appInit" time="0.0" classname="utilities.TestBase">
    <ignored/>
  </testcase> <!-- @BeforeTest appInit -->
  <testcase name="@BeforeTest appInit" time="0.0" classname="utilities.TestBase">
    <ignored/>
  </testcase> <!-- @BeforeTest appInit -->
  <testcase name="@AfterTest clearDriver" time="0.0" classname="utilities.TestBase">
    <ignored/>
  </testcase> <!-- @AfterTest clearDriver -->
  <testcase name="@AfterTest clearDriver" time="0.0" classname="utilities.TestBase">
    <ignored/>
  </testcase> <!-- @AfterTest clearDriver -->
  <testcase name="@AfterTest clearDriver" time="0.0" classname="utilities.TestBase">
    <ignored/>
  </testcase> <!-- @AfterTest clearDriver -->
  <testcase name="@AfterTest clearDriver" time="0.0" classname="utilities.TestBase">
    <ignored/>
  </testcase> <!-- @AfterTest clearDriver -->
  <testcase name="@AfterTest clearDriver" time="0.0" classname="utilities.TestBase">
    <ignored/>
  </testcase> <!-- @AfterTest clearDriver -->
  <testcase name="@AfterTest clearDriver" time="0.0" classname="utilities.TestBase">
    <ignored/>
  </testcase> <!-- @AfterTest clearDriver -->
  <testcase name="@AfterTest clearDriver" time="0.0" classname="utilities.TestBase">
    <ignored/>
  </testcase> <!-- @AfterTest clearDriver -->
  <testcase name="@AfterTest clearDriver" time="0.0" classname="utilities.TestBase">
    <ignored/>
  </testcase> <!-- @AfterTest clearDriver -->
  <testcase name="@AfterTest clearDriver" time="0.0" classname="utilities.TestBase">
    <ignored/>
  </testcase> <!-- @AfterTest clearDriver -->
  <testcase name="@AfterTest clearDriver" time="0.0" classname="utilities.TestBase">
    <ignored/>
  </testcase> <!-- @AfterTest clearDriver -->
  <testcase name="@AfterTest clearDriver" time="0.0" classname="utilities.TestBase">
    <ignored/>
  </testcase> <!-- @AfterTest clearDriver -->
</testsuite> <!-- HomeAndLogin_ARABIC_ANDROID -->
