<?xml version="1.0" encoding="UTF-8"?>
<!-- Generated by org.testng.reporters.JUnitXMLReporter -->
<testsuite hostname="ITKSHC8R" name="KeycloakLogin" tests="5" failures="0" timestamp="6 Sep 2020 11:01:23 GMT" time="186.512" errors="0">
  <testcase name="runScenario" time="36.392" classname="appRunner.LoyaltyRunner"/>
  <testcase name="runScenario" time="35.011" classname="appRunner.LoyaltyRunner"/>
  <testcase name="runScenario" time="38.029" classname="appRunner.LoyaltyRunner"/>
  <testcase name="runScenario" time="33.816" classname="appRunner.LoyaltyRunner"/>
  <testcase name="runScenario" time="31.692" classname="appRunner.LoyaltyRunner"/>
</testsuite> <!-- KeycloakLogin -->
