<?xml version="1.0" encoding="UTF-8"?>
<!-- Generated by org.testng.reporters.JUnitXMLReporter -->
<testsuite hostname="ITKSHC8R" name="Keycloak" tests="8" failures="0" timestamp="4 Oct 2020 11:01:14 GMT" time="0.756" errors="0">
  <testcase name="@BeforeTest appInit" time="0.0" classname="app.pages.PageObject">
    <failure type="org.testng.TestNGException" message="
Parameter &amp;apos;Language&amp;apos; is required by @Configuration on method appInit but has not been marked @Optional or defined
in D:\projects\BDDFramework\bakry.xml">
      <![CDATA[org.testng.TestNGException: 
Parameter 'Language' is required by @Configuration on method appInit but has not been marked @Optional or defined
in D:\projects\BDDFramework\bakry.xml
... Removed 20 stack frames]]>
    </failure>
  </testcase> <!-- @BeforeTest appInit -->
  <testcase name="@BeforeTest PageFactoryObject" time="0.0" classname="app.pages.PageObject">
    <skipped/>
  </testcase> <!-- @BeforeTest PageFactoryObject -->
  <testcase name="@BeforeTest startReport" time="0.0" classname="app.pages.PageObject">
    <skipped/>
  </testcase> <!-- @BeforeTest startReport -->
  <testcase name="@AfterTest endReport" time="0.0" classname="utilities.ExtentReport">
    <skipped/>
  </testcase> <!-- @AfterTest endReport -->
  <testcase name="@AfterTest clearDriver" time="0.0" classname="utilities.ExtentReport">
    <skipped/>
  </testcase> <!-- @AfterTest clearDriver -->
  <testcase name="runScenario" time="0.001" classname="app.tickets.login.LoginRunner">
    <skipped/>
  </testcase> <!-- runScenario -->
  <testcase name="runScenario" time="0.001" classname="app.tickets.login.LoginRunner">
    <skipped/>
  </testcase> <!-- runScenario -->
  <testcase name="runScenario" time="0.001" classname="app.tickets.loyalty.LoyaltyRunner">
    <skipped/>
  </testcase> <!-- runScenario -->
  <testcase name="runScenario" time="0.001" classname="app.tickets.loyalty.LoyaltyRunner">
    <skipped/>
  </testcase> <!-- runScenario -->
  <testcase name="runScenario" time="0.0" classname="app.tickets.loyalty.LoyaltyRunner">
    <skipped/>
  </testcase> <!-- runScenario -->
  <testcase name="runScenario" time="0.001" classname="app.tickets.loyalty.LoyaltyRunner">
    <skipped/>
  </testcase> <!-- runScenario -->
  <testcase name="runScenario" time="0.001" classname="app.tickets.loyalty.LoyaltyRunner">
    <skipped/>
  </testcase> <!-- runScenario -->
  <testcase name="runScenario" time="0.001" classname="app.tickets.update.UpdateRunner">
    <skipped/>
  </testcase> <!-- runScenario -->
</testsuite> <!-- Keycloak -->
