<?xml version="1.0" encoding="UTF-8"?>
<!-- Generated by org.testng.reporters.JUnitReportReporter -->
<testsuite skipped="4" hostname="IT3ANCVR" name="app.tickets.usageConsumption.RedQoutaRunner" tests="8" failures="0" timestamp="16 Dec 2020 10:56:08 GMT" time="94.051" errors="2">
  <testcase name="runScenario" time="35.928" classname="app.tickets.usageConsumption.RedQoutaRunner"/>
  <testcase name="runScenario" time="0.000" classname="app.tickets.usageConsumption.RedQoutaRunner">
    <skipped/>
  </testcase> <!-- runScenario -->
  <testcase name="runScenario" time="48.044" classname="app.tickets.usageConsumption.RedQoutaRunner"/>
  <testcase name="runScenario" time="5.044" classname="app.tickets.usageConsumption.RedQoutaRunner">
    <error type="org.openqa.selenium.NoSuchSessionException" message="A session is either terminated or not started
Build info: version: &#039;3.141.59&#039;, revision: &#039;e82be7d358&#039;, time: &#039;2018-11-14T08:17:03&#039;
System info: host: &#039;IT3ANCVR&#039;, ip: &#039;10.144.242.125&#039;, os.name: &#039;Windows 10&#039;, os.arch: &#039;amd64&#039;, os.version: &#039;10.0&#039;, java.version: &#039;1.8.0_161&#039;
Driver info: io.appium.java_client.android.AndroidDriver
Capabilities {appActivity: vodafone.vis.engezly.ui.scr..., appPackage: com.emeint.android.myservices, databaseEnabled: false, desired: {appActivity: vodafone.vis.engezly.ui.scr..., appPackage: com.emeint.android.myservices, deviceName: Google Emulator, fullReset: false, language: ar, locale: EG, noReset: false, platformName: android, systemPort: 10000}, deviceManufacturer: Google, deviceModel: Android SDK built for x86, deviceName: emulator-5554, deviceScreenSize: 1080x1920, deviceUDID: emulator-5554, fullReset: false, javascriptEnabled: true, language: ar, locale: EG, locationContextEnabled: false, networkConnectionEnabled: true, noReset: false, platform: LINUX, platformName: Android, platformVersion: 9, systemPort: 10000, takesScreenshot: true, warnings: {}, webStorageEnabled: false}
Session ID: 583587db-a21d-4aa6-b85f-280d2e014de2">
      <![CDATA[org.openqa.selenium.NoSuchSessionException: A session is either terminated or not started
Build info: version: '3.141.59', revision: 'e82be7d358', time: '2018-11-14T08:17:03'
System info: host: 'IT3ANCVR', ip: '10.144.242.125', os.name: 'Windows 10', os.arch: 'amd64', os.version: '10.0', java.version: '1.8.0_161'
Driver info: io.appium.java_client.android.AndroidDriver
Capabilities {appActivity: vodafone.vis.engezly.ui.scr..., appPackage: com.emeint.android.myservices, databaseEnabled: false, desired: {appActivity: vodafone.vis.engezly.ui.scr..., appPackage: com.emeint.android.myservices, deviceName: Google Emulator, fullReset: false, language: ar, locale: EG, noReset: false, platformName: android, systemPort: 10000}, deviceManufacturer: Google, deviceModel: Android SDK built for x86, deviceName: emulator-5554, deviceScreenSize: 1080x1920, deviceUDID: emulator-5554, fullReset: false, javascriptEnabled: true, language: ar, locale: EG, locationContextEnabled: false, networkConnectionEnabled: true, noReset: false, platform: LINUX, platformName: Android, platformVersion: 9, systemPort: 10000, takesScreenshot: true, warnings: {}, webStorageEnabled: false}
Session ID: 583587db-a21d-4aa6-b85f-280d2e014de2
at sun.reflect.GeneratedConstructorAccessor24.newInstance(Unknown Source)
at sun.reflect.DelegatingConstructorAccessorImpl.newInstance(Unknown Source)
at java.lang.reflect.Constructor.newInstance(Unknown Source)
at org.openqa.selenium.remote.http.W3CHttpResponseCodec.createException(W3CHttpResponseCodec.java:187)
at org.openqa.selenium.remote.http.W3CHttpResponseCodec.decode(W3CHttpResponseCodec.java:122)
at org.openqa.selenium.remote.http.W3CHttpResponseCodec.decode(W3CHttpResponseCodec.java:49)
at org.openqa.selenium.remote.HttpCommandExecutor.execute(HttpCommandExecutor.java:158)
at io.appium.java_client.remote.AppiumCommandExecutor.execute(AppiumCommandExecutor.java:239)
at org.openqa.selenium.remote.RemoteWebDriver.execute(RemoteWebDriver.java:552)
at io.appium.java_client.DefaultGenericMobileDriver.execute(DefaultGenericMobileDriver.java:46)
at io.appium.java_client.AppiumDriver.execute(AppiumDriver.java:1)
at io.appium.java_client.android.AndroidDriver.execute(AndroidDriver.java:1)
at io.appium.java_client.HasSessionDetails.getSessionDetails(HasSessionDetails.java:39)
at io.appium.java_client.HasSessionDetails.getSessionDetail(HasSessionDetails.java:56)
at io.appium.java_client.HasSessionDetails.isBrowser(HasSessionDetails.java:86)
at io.appium.java_client.AppiumDriver.isBrowser(AppiumDriver.java:271)
at io.appium.java_client.pagefactory.utils.WebDriverUnpackUtility.lambda$0(WebDriverUnpackUtility.java:87)
at java.util.Optional.map(Unknown Source)
at io.appium.java_client.pagefactory.utils.WebDriverUnpackUtility.getCurrentContentType(WebDriverUnpackUtility.java:83)
at io.appium.java_client.pagefactory.AppiumElementLocator.getBy(AppiumElementLocator.java:90)
at io.appium.java_client.pagefactory.AppiumElementLocator.findElement(AppiumElementLocator.java:117)
at io.appium.java_client.pagefactory.interceptors.InterceptorOfASingleElement.intercept(InterceptorOfASingleElement.java:59)
at io.appium.java_client.android.AndroidElement$$EnhancerByCGLIB$$b598166c.click(<generated>)
at app.pages.Home.pressintcardEn(Home.java:160)
at app.tickets.usageConsumption.RedQoutaStepDef.check_on_and_card_Based_on(RedQoutaStepDef.java:62)
at ✽.check on "20480" and "20480" card  Based on "Red"(file:///D:/Automation/BDDFramework/src/test/java/app/tickets/usageConsumption/RedQouta.feature:17)
]]>
    </error>
  </testcase> <!-- runScenario -->
  <testcase name="runScenario" time="0.000" classname="app.tickets.usageConsumption.RedQoutaRunner">
    <skipped/>
  </testcase> <!-- runScenario -->
  <testcase name="runScenario" time="0.000" classname="app.tickets.usageConsumption.RedQoutaRunner">
    <skipped/>
  </testcase> <!-- runScenario -->
  <testcase name="runScenario" time="0.000" classname="app.tickets.usageConsumption.RedQoutaRunner">
    <skipped/>
  </testcase> <!-- runScenario -->
  <testcase name="runScenario" time="5.035" classname="app.tickets.usageConsumption.RedQoutaRunner">
    <error type="org.openqa.selenium.NoSuchSessionException" message="A session is either terminated or not started
Build info: version: &#039;3.141.59&#039;, revision: &#039;e82be7d358&#039;, time: &#039;2018-11-14T08:17:03&#039;
System info: host: &#039;IT3ANCVR&#039;, ip: &#039;10.144.242.125&#039;, os.name: &#039;Windows 10&#039;, os.arch: &#039;amd64&#039;, os.version: &#039;10.0&#039;, java.version: &#039;1.8.0_161&#039;
Driver info: io.appium.java_client.android.AndroidDriver
Capabilities {appActivity: vodafone.vis.engezly.ui.scr..., appPackage: com.emeint.android.myservices, databaseEnabled: false, desired: {appActivity: vodafone.vis.engezly.ui.scr..., appPackage: com.emeint.android.myservices, deviceName: Google Emulator, fullReset: false, language: ar, locale: EG, noReset: false, platformName: android, systemPort: 10000}, deviceManufacturer: Google, deviceModel: Android SDK built for x86, deviceName: emulator-5554, deviceScreenSize: 1080x1920, deviceUDID: emulator-5554, fullReset: false, javascriptEnabled: true, language: ar, locale: EG, locationContextEnabled: false, networkConnectionEnabled: true, noReset: false, platform: LINUX, platformName: Android, platformVersion: 9, systemPort: 10000, takesScreenshot: true, warnings: {}, webStorageEnabled: false}
Session ID: 583587db-a21d-4aa6-b85f-280d2e014de2">
      <![CDATA[org.openqa.selenium.NoSuchSessionException: A session is either terminated or not started
Build info: version: '3.141.59', revision: 'e82be7d358', time: '2018-11-14T08:17:03'
System info: host: 'IT3ANCVR', ip: '10.144.242.125', os.name: 'Windows 10', os.arch: 'amd64', os.version: '10.0', java.version: '1.8.0_161'
Driver info: io.appium.java_client.android.AndroidDriver
Capabilities {appActivity: vodafone.vis.engezly.ui.scr..., appPackage: com.emeint.android.myservices, databaseEnabled: false, desired: {appActivity: vodafone.vis.engezly.ui.scr..., appPackage: com.emeint.android.myservices, deviceName: Google Emulator, fullReset: false, language: ar, locale: EG, noReset: false, platformName: android, systemPort: 10000}, deviceManufacturer: Google, deviceModel: Android SDK built for x86, deviceName: emulator-5554, deviceScreenSize: 1080x1920, deviceUDID: emulator-5554, fullReset: false, javascriptEnabled: true, language: ar, locale: EG, locationContextEnabled: false, networkConnectionEnabled: true, noReset: false, platform: LINUX, platformName: Android, platformVersion: 9, systemPort: 10000, takesScreenshot: true, warnings: {}, webStorageEnabled: false}
Session ID: 583587db-a21d-4aa6-b85f-280d2e014de2
at sun.reflect.GeneratedConstructorAccessor24.newInstance(Unknown Source)
at sun.reflect.DelegatingConstructorAccessorImpl.newInstance(Unknown Source)
at java.lang.reflect.Constructor.newInstance(Unknown Source)
at org.openqa.selenium.remote.http.W3CHttpResponseCodec.createException(W3CHttpResponseCodec.java:187)
at org.openqa.selenium.remote.http.W3CHttpResponseCodec.decode(W3CHttpResponseCodec.java:122)
at org.openqa.selenium.remote.http.W3CHttpResponseCodec.decode(W3CHttpResponseCodec.java:49)
at org.openqa.selenium.remote.HttpCommandExecutor.execute(HttpCommandExecutor.java:158)
at io.appium.java_client.remote.AppiumCommandExecutor.execute(AppiumCommandExecutor.java:239)
at org.openqa.selenium.remote.RemoteWebDriver.execute(RemoteWebDriver.java:552)
at io.appium.java_client.DefaultGenericMobileDriver.execute(DefaultGenericMobileDriver.java:46)
at io.appium.java_client.AppiumDriver.execute(AppiumDriver.java:1)
at io.appium.java_client.android.AndroidDriver.execute(AndroidDriver.java:1)
at io.appium.java_client.HasSessionDetails.getSessionDetails(HasSessionDetails.java:39)
at io.appium.java_client.HasSessionDetails.getSessionDetail(HasSessionDetails.java:56)
at io.appium.java_client.HasSessionDetails.isBrowser(HasSessionDetails.java:86)
at io.appium.java_client.AppiumDriver.isBrowser(AppiumDriver.java:271)
at io.appium.java_client.pagefactory.utils.WebDriverUnpackUtility.lambda$0(WebDriverUnpackUtility.java:87)
at java.util.Optional.map(Unknown Source)
at io.appium.java_client.pagefactory.utils.WebDriverUnpackUtility.getCurrentContentType(WebDriverUnpackUtility.java:83)
at io.appium.java_client.pagefactory.AppiumElementLocator.getBy(AppiumElementLocator.java:90)
at io.appium.java_client.pagefactory.AppiumElementLocator.findElement(AppiumElementLocator.java:117)
at io.appium.java_client.pagefactory.interceptors.InterceptorOfASingleElement.intercept(InterceptorOfASingleElement.java:59)
at io.appium.java_client.android.AndroidElement$$EnhancerByCGLIB$$b598166c.click(<generated>)
at app.pages.Home.pressmincardEn(Home.java:149)
at app.tickets.usageConsumption.RedQoutaStepDef.based_on_check_on_and_card(RedQoutaStepDef.java:21)
at ✽.Based on "Red" check on "4000" and "4000" card(file:///D:/Automation/BDDFramework/src/test/java/app/tickets/usageConsumption/RedQouta.feature:5)
]]>
    </error>
  </testcase> <!-- runScenario -->
</testsuite> <!-- app.tickets.usageConsumption.RedQoutaRunner -->
